2025-12-26 00:20:09,060 18260 [DEBUG] - XmlConfiguration is now operational
2025-12-26 00:20:09,146 18260 [DEBUG] - Adding new type 'CygwinService' for type 'IAlternativeSourceRunner' from assembly 'choco'
2025-12-26 00:20:09,146 18260 [DEBUG] - Adding new type 'CygwinService' for type 'IInstallSourceRunner' from assembly 'choco'
2025-12-26 00:20:09,151 18260 [DEBUG] - Adding new type 'PythonService' for type 'IAlternativeSourceRunner' from assembly 'choco'
2025-12-26 00:20:09,151 18260 [DEBUG] - Adding new type 'PythonService' for type 'IListSourceRunner' from assembly 'choco'
2025-12-26 00:20:09,151 18260 [DEBUG] - Adding new type 'PythonService' for type 'IInstallSourceRunner' from assembly 'choco'
2025-12-26 00:20:09,154 18260 [DEBUG] - Adding new type 'PythonService' for type 'IUninstallSourceRunner' from assembly 'choco'
2025-12-26 00:20:09,154 18260 [DEBUG] - Adding new type 'RubyGemsService' for type 'IAlternativeSourceRunner' from assembly 'choco'
2025-12-26 00:20:09,154 18260 [DEBUG] - Adding new type 'RubyGemsService' for type 'IListSourceRunner' from assembly 'choco'
2025-12-26 00:20:09,156 18260 [DEBUG] - Adding new type 'RubyGemsService' for type 'IInstallSourceRunner' from assembly 'choco'
2025-12-26 00:20:09,157 18260 [DEBUG] - Adding new type 'SystemStateValidation' for type 'IValidation' from assembly 'choco'
2025-12-26 00:20:09,157 18260 [DEBUG] - Adding new type 'CacheFolderLockdownValidation' for type 'IValidation' from assembly 'choco'
2025-12-26 00:20:09,628 18260 [DEBUG] - Adding new type 'EmptyOrInvalidUrlMetadataRule' for type 'IMetadataRule' from assembly 'choco'
2025-12-26 00:20:09,628 18260 [DEBUG] - Adding new type 'FrameWorkReferencesMetadataRule' for type 'IMetadataRule' from assembly 'choco'
2025-12-26 00:20:09,642 18260 [DEBUG] - Adding new type 'IconMetadataRule' for type 'IMetadataRule' from assembly 'choco'
2025-12-26 00:20:09,642 18260 [DEBUG] - Adding new type 'LicenseMetadataRule' for type 'IMetadataRule' from assembly 'choco'
2025-12-26 00:20:09,642 18260 [DEBUG] - Adding new type 'PackageTypesMetadataRule' for type 'IMetadataRule' from assembly 'choco'
2025-12-26 00:20:09,644 18260 [DEBUG] - Adding new type 'ReadmeMetadataRule' for type 'IMetadataRule' from assembly 'choco'
2025-12-26 00:20:09,644 18260 [DEBUG] - Adding new type 'RepositoryMetadataRule' for type 'IMetadataRule' from assembly 'choco'
2025-12-26 00:20:09,644 18260 [DEBUG] - Adding new type 'RequireLicenseAcceptanceMetadataRule' for type 'IMetadataRule' from assembly 'choco'
2025-12-26 00:20:09,647 18260 [DEBUG] - Adding new type 'ServicableMetadataRule' for type 'IMetadataRule' from assembly 'choco'
2025-12-26 00:20:09,647 18260 [DEBUG] - Adding new type 'VersionMetadataRule' for type 'IMetadataRule' from assembly 'choco'
2025-12-26 00:20:09,660 18260 [DEBUG] - Registering new command 'license' in assembly 'choco'
2025-12-26 00:20:09,660 18260 [DEBUG] - Registering new command 'cache' in assembly 'choco'
2025-12-26 00:20:09,660 18260 [DEBUG] - Registering new command 'list' in assembly 'choco'
2025-12-26 00:20:09,660 18260 [DEBUG] - Registering new command 'rule' in assembly 'choco'
2025-12-26 00:20:09,664 18260 [DEBUG] - Registering new command 'support' in assembly 'choco'
2025-12-26 00:20:09,664 18260 [DEBUG] - Registering new command 'template' in assembly 'choco'
2025-12-26 00:20:09,667 18260 [DEBUG] - Registering new command 'export' in assembly 'choco'
2025-12-26 00:20:09,667 18260 [DEBUG] - Registering new command 'info' in assembly 'choco'
2025-12-26 00:20:09,668 18260 [DEBUG] - Registering new command 'help' in assembly 'choco'
2025-12-26 00:20:09,670 18260 [DEBUG] - Registering new command 'config' in assembly 'choco'
2025-12-26 00:20:09,670 18260 [DEBUG] - Registering new command 'feature' in assembly 'choco'
2025-12-26 00:20:09,670 18260 [DEBUG] - Registering new command 'new' in assembly 'choco'
2025-12-26 00:20:09,672 18260 [DEBUG] - Registering new command 'outdated' in assembly 'choco'
2025-12-26 00:20:09,672 18260 [DEBUG] - Registering new command 'pack' in assembly 'choco'
2025-12-26 00:20:09,674 18260 [DEBUG] - Registering new command 'pin' in assembly 'choco'
2025-12-26 00:20:09,674 18260 [DEBUG] - Registering new command 'push' in assembly 'choco'
2025-12-26 00:20:09,676 18260 [DEBUG] - Registering new command 'apikey' in assembly 'choco'
2025-12-26 00:20:09,676 18260 [DEBUG] - Registering new command 'source' in assembly 'choco'
2025-12-26 00:20:09,678 18260 [DEBUG] - Registering new command 'uninstall' in assembly 'choco'
2025-12-26 00:20:09,678 18260 [DEBUG] - Registering new command 'upgrade' in assembly 'choco'
2025-12-26 00:20:09,678 18260 [DEBUG] - Registering new command 'search' in assembly 'choco'
2025-12-26 00:20:09,681 18260 [DEBUG] - Registering new command 'unpackself' in assembly 'choco'
2025-12-26 00:20:09,681 18260 [DEBUG] - Registering new command 'install' in assembly 'choco'
2025-12-26 00:20:09,688 18260 [DEBUG] - Attempting to create directory "C:\ngrok\config".
2025-12-26 00:20:09,806 18260 [INFO ] - ============================================================
2025-12-26 00:20:10,364 18260 [DEBUG] - Attempting to replace "C:\ngrok\config\chocolatey.config"
 with "C:\ngrok\config\chocolatey.config.18260.update".
 Backup placed at "C:\ngrok\config\chocolatey.config.backup".
2025-12-26 00:20:10,375 18260 [DEBUG] - Attempting to copy "C:\ngrok\config\chocolatey.config.18260.update"
 to "C:\ngrok\config\chocolatey.config".
2025-12-26 00:20:10,380 18260 [DEBUG] - Attempting to delete file "C:\ngrok\config\chocolatey.config.18260.update".
2025-12-26 00:20:10,380 18260 [INFO ] - Chocolatey v2.5.0
2025-12-26 00:20:10,396 18260 [DEBUG] - Chocolatey is running on Windows v 10.0.26200.0
2025-12-26 00:20:10,404 18260 [DEBUG] - Attempting to delete file "C:/ProgramData/chocolatey/choco.exe.old".
2025-12-26 00:20:10,404 18260 [DEBUG] - Attempting to delete file "C:\ProgramData\chocolatey\choco.exe.old".
2025-12-26 00:20:10,412 18260 [DEBUG] - Attempting to create directory "C:\ngrok\helpers".
2025-12-26 00:20:10,417 18260 [DEBUG] - Attempting to create directory "C:\ngrok\helpers\functions".
2025-12-26 00:20:10,507 18260 [DEBUG] - Attempting to create directory "C:\ngrok\redirects".
2025-12-26 00:20:10,511 18260 [DEBUG] - Attempting to create directory "C:\ngrok\tools".
2025-12-26 00:20:10,568 18260 [DEBUG] - Command line: "C:\ProgramData\chocolatey\choco.exe" install ngrok
2025-12-26 00:20:10,569 18260 [DEBUG] - Received arguments: install ngrok
2025-12-26 00:20:10,684 18260 [DEBUG] - RemovePendingPackagesTask is now ready and waiting for PreRunMessage.
2025-12-26 00:20:10,710 18260 [DEBUG] - Sending message 'PreRunMessage' out if there are subscribers...
2025-12-26 00:20:10,732 18260 [DEBUG] - [Pending] Removing all pending packages that should not be considered installed...
2025-12-26 00:20:10,734 18260 [WARN ] - Directory 'C:\ngrok\lib' does not exist.
2025-12-26 00:20:10,858 18260 [DEBUG] - Performing validation checks.
2025-12-26 00:20:10,864 18260 [DEBUG] - Global Configuration Validation Checks:
2025-12-26 00:20:10,866 18260 [DEBUG] -  - Package Exit Code / Exit On Reboot = Checked
2025-12-26 00:20:10,871 18260 [DEBUG] - System State Validation Checks:
2025-12-26 00:20:10,873 18260 [DEBUG] -  Reboot Requirement Checks:
2025-12-26 00:20:10,877 18260 [DEBUG] -  - Pending Computer Rename = Checked
2025-12-26 00:20:10,880 18260 [DEBUG] -  - Pending Component Based Servicing = Checked
2025-12-26 00:20:10,880 18260 [DEBUG] -  - Pending Windows Auto Update = Checked
2025-12-26 00:20:10,883 18260 [DEBUG] -  - Pending File Rename Operations = Ignored
2025-12-26 00:20:10,885 18260 [DEBUG] -  - Pending Windows Package Installer = Checked
2025-12-26 00:20:10,887 18260 [DEBUG] -  - Pending Windows Package Installer SysWow64 = Checked
2025-12-26 00:20:10,891 18260 [DEBUG] - Cache Folder Lockdown Checks:
2025-12-26 00:20:10,893 18260 [DEBUG] -  - Elevated State = Checked
2025-12-26 00:20:10,893 18260 [DEBUG] -  - Folder Exists = Checked
2025-12-26 00:20:10,901 18260 [DEBUG] -  - Folder lockdown = Checked
2025-12-26 00:20:10,907 18260 [INFO ] - 3 validations performed. 3 success(es), 0 warning(s), and 0 error(s).
2025-12-26 00:20:10,925 18260 [DEBUG] - The source 'https://community.chocolatey.org/api/v2/' evaluated to a 'normal' source type
2025-12-26 00:20:10,927 18260 [DEBUG] - 
NOTE: Hiding sensitive configuration data! Please double and triple
 check to be sure no sensitive data is shown, especially if copying
 output to a gist for review.
2025-12-26 00:20:10,941 18260 [DEBUG] - Configuration: CommandName='install'|
CacheLocation='C:\Users\Admin\AppData\Local\Temp\chocolatey'|
CommandExecutionTimeoutSeconds='2700'|WebRequestTimeoutSeconds='30'|
Sources='https://community.chocolatey.org/api/v2/'|SourceType='normal'|
IncludeConfiguredSources='False'|ShowOnlineHelp='False'|Debug='False'|
Verbose='False'|Trace='False'|Force='False'|Noop='False'|
HelpRequested='False'|UnsuccessfulParsing='False'|RegularOutput='True'|
QuietOutput='False'|PromptForConfirmation='True'|
DisableCompatibilityChecks='False'|AcceptLicense='False'|
AllowUnofficialBuild='False'|Input='ngrok'|AllVersions='False'|
SkipPackageInstallProvider='False'|SkipHookScripts='False'|
PackageNames='ngrok'|Prerelease='False'|ForceX86='False'|
OverrideArguments='False'|NotSilent='False'|
ApplyPackageParametersToDependencies='False'|
ApplyInstallArgumentsToDependencies='False'|IgnoreDependencies='False'|
UseHttpCache='True'|CacheExpirationInMinutes='30'|
AllowDowngrade='False'|ForceDependencies='False'|PinPackage='False'|
IncludeHeaders='False'|Information.PlatformType='Windows'|
Information.PlatformVersion='10.0.26200.0'|
Information.PlatformName='Windows 11'|
Information.ChocolateyVersion='2.5.0.0'|
Information.ChocolateyProductVersion='2.5.0'|
Information.FullName='choco, Version=2.5.0.0, Culture=neutral, PublicKeyToken=79d02ea9cad655eb'|

Information.Is64BitOperatingSystem='True'|
Information.Is64BitProcess='True'|Information.IsInteractive='True'|
Information.UserName='Admin'|Information.UserDomainName='SUBHASH'|
Information.IsUserAdministrator='True'|
Information.IsUserSystemAccount='False'|
Information.IsUserRemoteDesktop='False'|
Information.IsUserRemote='True'|
Information.IsProcessElevated='True'|
Information.IsLicensedVersion='False'|
Information.IsLicensedAssemblyLoaded='False'|
Information.LicenseType='Foss'|
Information.CurrentDirectory='C:\WINDOWS\system32'|
Features.AutoUninstaller='True'|Features.ChecksumFiles='True'|
Features.AllowEmptyChecksums='False'|
Features.AllowEmptyChecksumsSecure='True'|
Features.FailOnAutoUninstaller='False'|
Features.FailOnStandardError='False'|Features.UsePowerShellHost='True'|
Features.LogEnvironmentValues='False'|Features.LogWithoutColor='False'|
Features.VirusCheck='False'|
Features.FailOnInvalidOrMissingLicense='False'|
Features.IgnoreInvalidOptionsSwitches='True'|
Features.UsePackageExitCodes='True'|
Features.UseEnhancedExitCodes='False'|
Features.UseFipsCompliantChecksums='False'|
Features.ShowNonElevatedWarnings='True'|
Features.ShowDownloadProgress='True'|
Features.StopOnFirstPackageFailure='False'|
Features.UseRememberedArgumentsForUpgrades='False'|
Features.IgnoreUnfoundPackagesOnUpgradeOutdated='False'|
Features.SkipPackageUpgradesWhenNotInstalled='False'|
Features.RemovePackageInformationOnUninstall='False'|
Features.ExitOnRebootDetected='False'|
Features.LogValidationResultsOnWarnings='True'|
Features.UsePackageRepositoryOptimizations='True'|
Features.UsePackageHashValidation='False'|
ListCommand.LocalOnly='False'|
ListCommand.IdOnly='False'|ListCommand.IncludeRegistryPrograms='False'|
ListCommand.PageSize='25'|ListCommand.Exact='False'|
ListCommand.ByIdOnly='False'|ListCommand.ByTagOnly='False'|
ListCommand.IdStartsWith='False'|ListCommand.IgnorePinned='False'|
ListCommand.OrderBy='Id'|ListCommand.OrderByPopularity='False'|
ListCommand.ApprovedOnly='False'|
ListCommand.DownloadCacheAvailable='False'|
ListCommand.NotBroken='False'|
ListCommand.IncludeVersionOverrides='False'|
ListCommand.ExplicitPageSize='False'|
ListCommand.ExplicitSource='False'|
UpgradeCommand.FailOnUnfound='False'|
UpgradeCommand.FailOnNotInstalled='False'|
UpgradeCommand.NotifyOnlyAvailableUpgrades='False'|
UpgradeCommand.ExcludePrerelease='False'|
UpgradeCommand.IgnorePinned='False'|
NewCommand.AutomaticPackage='False'|
NewCommand.UseOriginalTemplate='False'|SourceCommand.Command='unknown'|
SourceCommand.Priority='0'|SourceCommand.BypassProxy='False'|
SourceCommand.AllowSelfService='False'|
SourceCommand.VisibleToAdminsOnly='False'|
FeatureCommand.Command='unknown'|ConfigCommand.Command='Unknown'|
ApiKeyCommand.Command='Unknown'|PinCommand.Command='Unknown'|
LicenseCommand.Command='Unknown'|OutdatedCommand.IgnorePinned='False'|
ExportCommand.IncludeVersionNumbers='False'|Proxy.BypassOnLocal='True'|
TemplateCommand.Command='unknown'|CacheCommand.Command='Unknown'|
CacheCommand.RemoveExpiredItemsOnly='False'|
2025-12-26 00:20:10,943 18260 [DEBUG] - _ Chocolatey:ChocolateyInstallCommand - Normal Run Mode _
2025-12-26 00:20:10,949 18260 [INFO ] - Installing the following packages:
2025-12-26 00:20:10,953 18260 [INFO ] - ngrok
2025-12-26 00:20:10,955 18260 [INFO ] - By installing, you accept licenses for the packages.
2025-12-26 00:20:11,016 18260 [DEBUG] - Attempting to create directory "C:\ngrok\lib".
2025-12-26 00:20:11,087 18260 [DEBUG] - Process Tree: Chocolatey CLI => Chocolatey CLI => powershell => explorer
2025-12-26 00:20:11,109 18260 [DEBUG] - Updating User Agent to 'Chocolatey Command Line/2.5.0 (Chocolatey CLI) via NuGet Client/6.4.1 (Microsoft Windows NT 10.0.26200.0)'.
2025-12-26 00:20:11,268 18260 [DEBUG] - Running list with the following filter = ''
2025-12-26 00:20:11,268 18260 [DEBUG] - --- Start of List ---
2025-12-26 00:20:11,300 18260 [DEBUG] - Process Tree: Chocolatey CLI => Chocolatey CLI => powershell => explorer
2025-12-26 00:20:11,300 18260 [DEBUG] - Updating User Agent to 'Chocolatey Command Line/2.5.0 (Chocolatey CLI) via NuGet Client/6.4.1 (Microsoft Windows NT 10.0.26200.0)'.
2025-12-26 00:20:11,300 18260 [DEBUG] - Resolving resource PackageSearchResource for source C:\ngrok\lib
2025-12-26 00:20:11,356 18260 [DEBUG] - --- End of List ---
2025-12-26 00:20:11,359 18260 [DEBUG] - Resolving resource ListResource for source https://community.chocolatey.org/api/v2/
2025-12-26 00:20:11,803 18260 [INFO ] - [NuGet]   GET https://community.chocolatey.org/api/v2/$metadata
2025-12-26 00:20:11,851 18260 [INFO ] - [NuGet]   OK https://community.chocolatey.org/api/v2/$metadata 45ms
2025-12-26 00:20:11,942 18260 [INFO ] - [NuGet]   GET https://community.chocolatey.org/api/v2/Packages()?$filter=(tolower(Id) eq 'ngrok') and IsLatestVersion&semVerLevel=2.0.0
2025-12-26 00:20:11,987 18260 [INFO ] - [NuGet]   OK https://community.chocolatey.org/api/v2/Packages()?$filter=(tolower(Id) eq 'ngrok') and IsLatestVersion&semVerLevel=2.0.0 48ms
2025-12-26 00:20:12,097 18260 [DEBUG] - Resolving resource DependencyInfoResource for source https://community.chocolatey.org/api/v2/
2025-12-26 00:20:12,203 18260 [INFO ] - [NuGet]   GET https://community.chocolatey.org/api/v2/Packages(Id='ngrok',Version='3.34.1')
2025-12-26 00:20:12,249 18260 [INFO ] - [NuGet]   OK https://community.chocolatey.org/api/v2/Packages(Id='ngrok',Version='3.34.1') 44ms
2025-12-26 00:20:12,373 18260 [INFO ] - [NuGet] Resolving dependency information took 0 ms
2025-12-26 00:20:12,373 18260 [DEBUG] - Resolving resource DownloadResource for source https://community.chocolatey.org/api/v2/
2025-12-26 00:20:12,405 18260 [DEBUG] - Attempting to delete file "".
2025-12-26 00:20:12,405 18260 [INFO ] - Downloading package from source 'https://community.chocolatey.org/api/v2/'
2025-12-26 00:20:12,405 18260 [DEBUG] - Package download location 'https://community.chocolatey.org/api/v2/package/ngrok/3.34.1'
2025-12-26 00:20:12,423 18260 [DEBUG] - Skipping package hash validation as feature 'usePackageHashValidation' is not enabled.
2025-12-26 00:20:12,441 18260 [INFO ] - [NuGet] Adding package 'ngrok.3.34.1' to folder 'C:\ngrok\lib'
2025-12-26 00:20:12,550 18260 [INFO ] - [NuGet] Added package 'ngrok.3.34.1' to folder 'C:\ngrok\lib'
2025-12-26 00:20:12,550 18260 [DEBUG] - Attempting to delete file "C:\Users\Admin\AppData\Local\Temp\chocolatey\ChocolateyScratch\ngrok/3.34.1\ngrok.3.34.1.nupkg".
2025-12-26 00:20:12,559 18260 [DEBUG] - Attempting to delete file "C:\Users\Admin\AppData\Local\Temp\chocolatey\ChocolateyScratch\ngrok/3.34.1\.nupkg.metadata".
2025-12-26 00:20:12,559 18260 [DEBUG] - Attempting to delete file "C:\Users\Admin\AppData\Local\Temp\chocolatey\ChocolateyScratch\ngrok/3.34.1\ngrok.3.34.1.nupkg.sha512".
2025-12-26 00:20:12,631 18260 [INFO ] - 
ngrok v3.34.1
2025-12-26 00:20:12,717 18260 [INFO ] - ngrok package files install completed. Performing other installation steps.
2025-12-26 00:20:12,831 18260 [DEBUG] - Setting installer args for ngrok
2025-12-26 00:20:12,831 18260 [DEBUG] - Setting package parameters for ngrok
2025-12-26 00:20:12,834 18260 [DEBUG] - Contents of 'C:\ngrok\lib\ngrok\tools\chocolateyinstall.ps1':
2025-12-26 00:20:12,844 18260 [DEBUG] - $toolsDir   = "$(Split-Path -parent $MyInvocation.MyCommand.Definition)"
$packageArgs = @{
  packageName   = 'ngrok'
  unzipLocation = $toolsDir
  fileType      = 'exe'
  url           = 'https://bin.equinox.io/a/bbx1YZZjxN5/ngrok-v3-3.34.1-windows-386.zip'
  url64bit      = 'https://bin.equinox.io/a/a5dZ1xZdUdx/ngrok-v3-3.34.1-windows-amd64.zip'

  softwareName  = 'ngrok'

  checksum      = '72e9b3e637e583e29bfde2237c3926d9064337806540d2dec8142277a1b80118'
  checksumType  = 'sha256'
  checksum64    = '4335868de6fc5896eafe2c6b85c807e46618e2f68f1e27982e7b15378814dab7'
  checksumType64= 'sha256'

  validExitCodes= @(0)
  silentArgs   = ''
}

Install-ChocolateyZipPackage @packageArgs
2025-12-26 00:20:12,846 18260 [INFO ] - The package ngrok wants to run 'chocolateyinstall.ps1'.
2025-12-26 00:20:12,848 18260 [INFO ] - Note: If you don't run this script, the installation will fail.
2025-12-26 00:20:12,848 18260 [INFO ] - Note: To confirm automatically next time, use '-y' or consider:
2025-12-26 00:20:12,848 18260 [INFO ] - choco feature enable -n allowGlobalConfirmation
2025-12-26 00:20:12,879 18260 [INFO ] - Do you want to run the script?
2025-12-26 00:20:12,879 18260 [INFO ] -  1) yes
2025-12-26 00:20:12,879 18260 [INFO ] -  2) all scripts
2025-12-26 00:20:12,879 18260 [INFO ] -  3) no
2025-12-26 00:20:12,879 18260 [INFO ] -  4) print
2025-12-26 00:20:26,583 18260 [INFO ] - Choice selected: 'yes'
2025-12-26 00:20:26,601 18260 [DEBUG] - Calling built-in PowerShell host with ['[System.Threading.Thread]::CurrentThread.CurrentCulture = '';[System.Threading.Thread]::CurrentThread.CurrentUICulture = '';[System.Net.ServicePointManager]::SecurityProtocol = [System.Net.SecurityProtocolType]::SystemDefault; & import-module -name 'C:\ngrok\helpers\chocolateyInstaller.psm1'; & 'C:\ngrok\helpers\chocolateyScriptRunner.ps1' -packageScript 'C:\ngrok\lib\ngrok\tools\chocolateyinstall.ps1' -installArguments '' -packageParameters '' -preRunHookScripts $null -postRunHookScripts $null']
2025-12-26 00:20:26,601 18260 [DEBUG] - Redirecting System.Management.Automation.resources, Version=3.0.0.0, Culture=en-US, PublicKeyToken=31bf3856ad364e35, requested by ''
2025-12-26 00:20:27,564 18260 [DEBUG] - Host version is 5.1.26100.1882, PowerShell Version is '5.1.26100.7462' and CLR Version is '4.0.30319.42000'.
2025-12-26 00:20:29,718 18260 [INFO ] - VERBOSE: Exporting function 'Format-FileSize'.
2025-12-26 00:20:29,720 18260 [INFO ] - VERBOSE: Exporting function 'Get-ChecksumValid'.
2025-12-26 00:20:29,721 18260 [INFO ] - VERBOSE: Exporting function 'Get-ChocolateyConfigValue'.
2025-12-26 00:20:29,722 18260 [INFO ] - VERBOSE: Exporting function 'Get-ChocolateyPath'.
2025-12-26 00:20:29,723 18260 [INFO ] - VERBOSE: Exporting function 'Get-ChocolateyUnzip'.
2025-12-26 00:20:29,725 18260 [INFO ] - VERBOSE: Exporting function 'Get-ChocolateyWebFile'.
2025-12-26 00:20:29,726 18260 [INFO ] - VERBOSE: Exporting function 'Get-FtpFile'.
2025-12-26 00:20:29,727 18260 [INFO ] - VERBOSE: Exporting function 'Get-OSArchitectureWidth'.
2025-12-26 00:20:29,728 18260 [INFO ] - VERBOSE: Exporting function 'Get-PackageParameters'.
2025-12-26 00:20:29,729 18260 [INFO ] - VERBOSE: Exporting function 'Get-PackageParametersBuiltIn'.
2025-12-26 00:20:29,731 18260 [INFO ] - VERBOSE: Exporting function 'Get-ToolsLocation'.
2025-12-26 00:20:29,732 18260 [INFO ] - VERBOSE: Exporting function 'Get-UACEnabled'.
2025-12-26 00:20:29,733 18260 [INFO ] - VERBOSE: Exporting function 'Get-UninstallRegistryKey'.
2025-12-26 00:20:29,734 18260 [INFO ] - VERBOSE: Exporting function 'Get-VirusCheckValid'.
2025-12-26 00:20:29,736 18260 [INFO ] - VERBOSE: Exporting function 'Get-WebFile'.
2025-12-26 00:20:29,736 18260 [INFO ] - VERBOSE: Exporting function 'Get-WebFileName'.
2025-12-26 00:20:29,736 18260 [INFO ] - VERBOSE: Exporting function 'Get-WebHeaders'.
2025-12-26 00:20:29,740 18260 [INFO ] - VERBOSE: Exporting function 'Install-BinFile'.
2025-12-26 00:20:29,741 18260 [INFO ] - VERBOSE: Exporting function 'Install-ChocolateyEnvironmentVariable'.
2025-12-26 00:20:29,741 18260 [INFO ] - VERBOSE: Exporting function 'Install-ChocolateyExplorerMenuItem'.
2025-12-26 00:20:29,743 18260 [INFO ] - VERBOSE: Exporting function 'Install-ChocolateyFileAssociation'.
2025-12-26 00:20:29,744 18260 [INFO ] - VERBOSE: Exporting function 'Install-ChocolateyInstallPackage'.
2025-12-26 00:20:29,745 18260 [INFO ] - VERBOSE: Exporting function 'Install-ChocolateyPackage'.
2025-12-26 00:20:29,747 18260 [INFO ] - VERBOSE: Exporting function 'Install-ChocolateyPinnedTaskBarItem'.
2025-12-26 00:20:29,748 18260 [INFO ] - VERBOSE: Exporting function 'Install-ChocolateyPowershellCommand'.
2025-12-26 00:20:29,749 18260 [INFO ] - VERBOSE: Exporting function 'Install-ChocolateyShortcut'.
2025-12-26 00:20:29,749 18260 [INFO ] - VERBOSE: Exporting function 'Install-ChocolateyVsixPackage'.
2025-12-26 00:20:29,752 18260 [INFO ] - VERBOSE: Exporting function 'Install-ChocolateyZipPackage'.
2025-12-26 00:20:29,752 18260 [INFO ] - VERBOSE: Exporting function 'Install-Vsix'.
2025-12-26 00:20:29,755 18260 [INFO ] - VERBOSE: Exporting function 'Set-PowerShellExitCode'.
2025-12-26 00:20:29,755 18260 [INFO ] - VERBOSE: Exporting function 'Start-ChocolateyProcessAsAdmin'.
2025-12-26 00:20:29,757 18260 [INFO ] - VERBOSE: Exporting function 'Uninstall-BinFile'.
2025-12-26 00:20:29,759 18260 [INFO ] - VERBOSE: Exporting function 'Uninstall-ChocolateyEnvironmentVariable'.
2025-12-26 00:20:29,760 18260 [INFO ] - VERBOSE: Exporting function 'Uninstall-ChocolateyPackage'.
2025-12-26 00:20:29,760 18260 [INFO ] - VERBOSE: Exporting function 'Uninstall-ChocolateyZipPackage'.
2025-12-26 00:20:29,762 18260 [INFO ] - VERBOSE: Exporting function 'Write-FunctionCallLogMessage'.
2025-12-26 00:20:29,765 18260 [INFO ] - VERBOSE: Exporting alias 'Get-ProcessorBits'.
2025-12-26 00:20:29,765 18260 [INFO ] - VERBOSE: Exporting alias 'Get-OSBitness'.
2025-12-26 00:20:29,767 18260 [INFO ] - VERBOSE: Exporting alias 'Get-InstallRegistryKey'.
2025-12-26 00:20:29,767 18260 [INFO ] - VERBOSE: Exporting alias 'Generate-BinFile'.
2025-12-26 00:20:29,771 18260 [INFO ] - VERBOSE: Exporting alias 'Add-BinFile'.
2025-12-26 00:20:29,771 18260 [INFO ] - VERBOSE: Exporting alias 'Start-ChocolateyProcess'.
2025-12-26 00:20:29,773 18260 [INFO ] - VERBOSE: Exporting alias 'Invoke-ChocolateyProcess'.
2025-12-26 00:20:29,773 18260 [INFO ] - VERBOSE: Exporting alias 'Remove-BinFile'.
2025-12-26 00:20:29,785 18260 [INFO ] - VERBOSE: Exporting function 'Format-FileSize'.
2025-12-26 00:20:29,788 18260 [INFO ] - VERBOSE: Exporting function 'Get-ChecksumValid'.
2025-12-26 00:20:29,788 18260 [INFO ] - VERBOSE: Exporting function 'Get-ChocolateyConfigValue'.
2025-12-26 00:20:29,790 18260 [INFO ] - VERBOSE: Exporting function 'Get-ChocolateyPath'.
2025-12-26 00:20:29,790 18260 [INFO ] - VERBOSE: Exporting function 'Get-ChocolateyUnzip'.
2025-12-26 00:20:29,793 18260 [INFO ] - VERBOSE: Exporting function 'Get-ChocolateyWebFile'.
2025-12-26 00:20:29,794 18260 [INFO ] - VERBOSE: Exporting function 'Get-FtpFile'.
2025-12-26 00:20:29,795 18260 [INFO ] - VERBOSE: Exporting function 'Get-OSArchitectureWidth'.
2025-12-26 00:20:29,795 18260 [INFO ] - VERBOSE: Exporting function 'Get-PackageParameters'.
2025-12-26 00:20:29,798 18260 [INFO ] - VERBOSE: Exporting function 'Get-PackageParametersBuiltIn'.
2025-12-26 00:20:29,799 18260 [INFO ] - VERBOSE: Exporting function 'Get-ToolsLocation'.
2025-12-26 00:20:29,799 18260 [INFO ] - VERBOSE: Exporting function 'Get-UACEnabled'.
2025-12-26 00:20:29,801 18260 [INFO ] - VERBOSE: Exporting function 'Get-UninstallRegistryKey'.
2025-12-26 00:20:29,801 18260 [INFO ] - VERBOSE: Exporting function 'Get-VirusCheckValid'.
2025-12-26 00:20:29,803 18260 [INFO ] - VERBOSE: Exporting function 'Get-WebFile'.
2025-12-26 00:20:29,803 18260 [INFO ] - VERBOSE: Exporting function 'Get-WebFileName'.
2025-12-26 00:20:29,805 18260 [INFO ] - VERBOSE: Exporting function 'Get-WebHeaders'.
2025-12-26 00:20:29,807 18260 [INFO ] - VERBOSE: Exporting function 'Install-BinFile'.
2025-12-26 00:20:29,808 18260 [INFO ] - VERBOSE: Exporting function 'Install-ChocolateyEnvironmentVariable'.
2025-12-26 00:20:29,809 18260 [INFO ] - VERBOSE: Exporting function 'Install-ChocolateyExplorerMenuItem'.
2025-12-26 00:20:29,809 18260 [INFO ] - VERBOSE: Exporting function 'Install-ChocolateyFileAssociation'.
2025-12-26 00:20:29,811 18260 [INFO ] - VERBOSE: Exporting function 'Install-ChocolateyInstallPackage'.
2025-12-26 00:20:29,813 18260 [INFO ] - VERBOSE: Exporting function 'Install-ChocolateyPackage'.
2025-12-26 00:20:29,814 18260 [INFO ] - VERBOSE: Exporting function 'Install-ChocolateyPinnedTaskBarItem'.
2025-12-26 00:20:29,815 18260 [INFO ] - VERBOSE: Exporting function 'Install-ChocolateyPowershellCommand'.
2025-12-26 00:20:29,815 18260 [INFO ] - VERBOSE: Exporting function 'Install-ChocolateyShortcut'.
2025-12-26 00:20:29,815 18260 [INFO ] - VERBOSE: Exporting function 'Install-ChocolateyVsixPackage'.
2025-12-26 00:20:29,815 18260 [INFO ] - VERBOSE: Exporting function 'Install-ChocolateyZipPackage'.
2025-12-26 00:20:29,815 18260 [INFO ] - VERBOSE: Exporting function 'Install-Vsix'.
2025-12-26 00:20:29,815 18260 [INFO ] - VERBOSE: Exporting function 'Set-PowerShellExitCode'.
2025-12-26 00:20:29,815 18260 [INFO ] - VERBOSE: Exporting function 'Start-ChocolateyProcessAsAdmin'.
2025-12-26 00:20:29,815 18260 [INFO ] - VERBOSE: Exporting function 'Uninstall-BinFile'.
2025-12-26 00:20:29,815 18260 [INFO ] - VERBOSE: Exporting function 'Uninstall-ChocolateyEnvironmentVariable'.
2025-12-26 00:20:29,815 18260 [INFO ] - VERBOSE: Exporting function 'Uninstall-ChocolateyPackage'.
2025-12-26 00:20:29,815 18260 [INFO ] - VERBOSE: Exporting function 'Uninstall-ChocolateyZipPackage'.
2025-12-26 00:20:29,815 18260 [INFO ] - VERBOSE: Exporting function 'Write-FunctionCallLogMessage'.
2025-12-26 00:20:29,815 18260 [INFO ] - VERBOSE: Exporting alias 'Get-ProcessorBits'.
2025-12-26 00:20:29,831 18260 [INFO ] - VERBOSE: Exporting alias 'Get-OSBitness'.
2025-12-26 00:20:29,831 18260 [INFO ] - VERBOSE: Exporting alias 'Get-InstallRegistryKey'.
2025-12-26 00:20:29,831 18260 [INFO ] - VERBOSE: Exporting alias 'Generate-BinFile'.
2025-12-26 00:20:29,831 18260 [INFO ] - VERBOSE: Exporting alias 'Add-BinFile'.
2025-12-26 00:20:29,831 18260 [INFO ] - VERBOSE: Exporting alias 'Start-ChocolateyProcess'.
2025-12-26 00:20:29,831 18260 [INFO ] - VERBOSE: Exporting alias 'Invoke-ChocolateyProcess'.
2025-12-26 00:20:29,831 18260 [INFO ] - VERBOSE: Exporting alias 'Remove-BinFile'.
2025-12-26 00:20:29,839 18260 [INFO ] - VERBOSE: Importing function 'Format-FileSize'.
2025-12-26 00:20:29,839 18260 [INFO ] - VERBOSE: Importing function 'Get-ChecksumValid'.
2025-12-26 00:20:29,839 18260 [INFO ] - VERBOSE: Importing function 'Get-ChocolateyConfigValue'.
2025-12-26 00:20:29,839 18260 [INFO ] - VERBOSE: Importing function 'Get-ChocolateyPath'.
2025-12-26 00:20:29,839 18260 [INFO ] - VERBOSE: Importing function 'Get-ChocolateyUnzip'.
2025-12-26 00:20:29,848 18260 [INFO ] - VERBOSE: Importing function 'Get-ChocolateyWebFile'.
2025-12-26 00:20:29,848 18260 [INFO ] - VERBOSE: Importing function 'Get-FtpFile'.
2025-12-26 00:20:29,850 18260 [INFO ] - VERBOSE: Importing function 'Get-OSArchitectureWidth'.
2025-12-26 00:20:29,850 18260 [INFO ] - VERBOSE: Importing function 'Get-PackageParameters'.
2025-12-26 00:20:29,850 18260 [INFO ] - VERBOSE: Importing function 'Get-PackageParametersBuiltIn'.
2025-12-26 00:20:29,850 18260 [INFO ] - VERBOSE: Importing function 'Get-ToolsLocation'.
2025-12-26 00:20:29,856 18260 [INFO ] - VERBOSE: Importing function 'Get-UACEnabled'.
2025-12-26 00:20:29,856 18260 [INFO ] - VERBOSE: Importing function 'Get-UninstallRegistryKey'.
2025-12-26 00:20:29,858 18260 [INFO ] - VERBOSE: Importing function 'Get-VirusCheckValid'.
2025-12-26 00:20:29,858 18260 [INFO ] - VERBOSE: Importing function 'Get-WebFile'.
2025-12-26 00:20:29,858 18260 [INFO ] - VERBOSE: Importing function 'Get-WebFileName'.
2025-12-26 00:20:29,862 18260 [INFO ] - VERBOSE: Importing function 'Get-WebHeaders'.
2025-12-26 00:20:29,862 18260 [INFO ] - VERBOSE: Importing function 'Install-BinFile'.
2025-12-26 00:20:29,864 18260 [INFO ] - VERBOSE: Importing function 'Install-ChocolateyEnvironmentVariable'.
2025-12-26 00:20:29,864 18260 [INFO ] - VERBOSE: Importing function 'Install-ChocolateyExplorerMenuItem'.
2025-12-26 00:20:29,864 18260 [INFO ] - VERBOSE: Importing function 'Install-ChocolateyFileAssociation'.
2025-12-26 00:20:29,864 18260 [INFO ] - VERBOSE: Importing function 'Install-ChocolateyInstallPackage'.
2025-12-26 00:20:29,864 18260 [INFO ] - VERBOSE: Importing function 'Install-ChocolateyPackage'.
2025-12-26 00:20:29,864 18260 [INFO ] - VERBOSE: Importing function 'Install-ChocolateyPinnedTaskBarItem'.
2025-12-26 00:20:29,864 18260 [INFO ] - VERBOSE: Importing function 'Install-ChocolateyPowershellCommand'.
2025-12-26 00:20:29,864 18260 [INFO ] - VERBOSE: Importing function 'Install-ChocolateyShortcut'.
2025-12-26 00:20:29,864 18260 [INFO ] - VERBOSE: Importing function 'Install-ChocolateyVsixPackage'.
2025-12-26 00:20:29,864 18260 [INFO ] - VERBOSE: Importing function 'Install-ChocolateyZipPackage'.
2025-12-26 00:20:29,864 18260 [INFO ] - VERBOSE: Importing function 'Install-Vsix'.
2025-12-26 00:20:29,864 18260 [INFO ] - VERBOSE: Importing function 'Set-PowerShellExitCode'.
2025-12-26 00:20:29,864 18260 [INFO ] - VERBOSE: Importing function 'Start-ChocolateyProcessAsAdmin'.
2025-12-26 00:20:29,880 18260 [INFO ] - VERBOSE: Importing function 'Uninstall-BinFile'.
2025-12-26 00:20:29,880 18260 [INFO ] - VERBOSE: Importing function 'Uninstall-ChocolateyEnvironmentVariable'.
2025-12-26 00:20:29,883 18260 [INFO ] - VERBOSE: Importing function 'Uninstall-ChocolateyPackage'.
2025-12-26 00:20:29,883 18260 [INFO ] - VERBOSE: Importing function 'Uninstall-ChocolateyZipPackage'.
2025-12-26 00:20:29,883 18260 [INFO ] - VERBOSE: Importing function 'Write-FunctionCallLogMessage'.
2025-12-26 00:20:29,883 18260 [INFO ] - VERBOSE: Importing alias 'Add-BinFile'.
2025-12-26 00:20:29,883 18260 [INFO ] - VERBOSE: Importing alias 'Generate-BinFile'.
2025-12-26 00:20:29,883 18260 [INFO ] - VERBOSE: Importing alias 'Get-InstallRegistryKey'.
2025-12-26 00:20:29,883 18260 [INFO ] - VERBOSE: Importing alias 'Get-OSBitness'.
2025-12-26 00:20:29,883 18260 [INFO ] - VERBOSE: Importing alias 'Get-ProcessorBits'.
2025-12-26 00:20:29,883 18260 [INFO ] - VERBOSE: Importing alias 'Invoke-ChocolateyProcess'.
2025-12-26 00:20:29,883 18260 [INFO ] - VERBOSE: Importing alias 'Remove-BinFile'.
2025-12-26 00:20:29,883 18260 [INFO ] - VERBOSE: Importing alias 'Start-ChocolateyProcess'.
2025-12-26 00:20:29,995 18260 [DEBUG] - ---------------------------Script Execution---------------------------
2025-12-26 00:20:30,003 18260 [DEBUG] - Running 'ChocolateyScriptRunner' for ngrok v3.34.1 with packageScript 'C:\ngrok\lib\ngrok\tools\chocolateyinstall.ps1', packageFolder:'C:\ngrok\lib\ngrok', installArguments: '', packageParameters: '', preRunHookScripts: '', postRunHookScripts: '',
2025-12-26 00:20:30,021 18260 [DEBUG] - Running package script 'C:\ngrok\lib\ngrok\tools\chocolateyinstall.ps1'
2025-12-26 00:20:30,143 18260 [DEBUG] - Running Install-ChocolateyZipPackage -url 'https://bin.equinox.io/a/bbx1YZZjxN5/ngrok-v3-3.34.1-windows-386.zip' -unzipLocation 'C:\ngrok\lib\ngrok\tools' -url64bit 'https://bin.equinox.io/a/a5dZ1xZdUdx/ngrok-v3-3.34.1-windows-amd64.zip' -checksum '72e9b3e637e583e29bfde2237c3926d9064337806540d2dec8142277a1b80118' -checksum64 '4335868de6fc5896eafe2c6b85c807e46618e2f68f1e27982e7b15378814dab7' -checksumType 'sha256' -packageName 'ngrok' -checksumType64 'sha256' 
2025-12-26 00:20:30,208 18260 [DEBUG] - Running Get-ChocolateyWebFile -checksum '72e9b3e637e583e29bfde2237c3926d9064337806540d2dec8142277a1b80118' -checksumType 'sha256' -checksum64 '4335868de6fc5896eafe2c6b85c807e46618e2f68f1e27982e7b15378814dab7' -checksumType64 'sha256' -options 'System.Collections.Hashtable' -getOriginalFileName 'True' -packageName 'ngrok' -fileFullPath 'C:\Users\Admin\AppData\Local\Temp\chocolatey\ngrok\3.34.1\ngrokInstall.zip' -url 'https://bin.equinox.io/a/bbx1YZZjxN5/ngrok-v3-3.34.1-windows-386.zip' -url64bit 'https://bin.equinox.io/a/a5dZ1xZdUdx/ngrok-v3-3.34.1-windows-amd64.zip' 
2025-12-26 00:20:30,256 18260 [DEBUG] - Running Get-OSArchitectureWidth -compare '64' 
2025-12-26 00:20:30,273 18260 [DEBUG] - CPU is 64 bit
2025-12-26 00:20:30,281 18260 [DEBUG] - Setting url to 'https://bin.equinox.io/a/a5dZ1xZdUdx/ngrok-v3-3.34.1-windows-amd64.zip' and bitPackage to 64
2025-12-26 00:20:30,310 18260 [DEBUG] - Running Get-WebFileName -url 'https://bin.equinox.io/a/a5dZ1xZdUdx/ngrok-v3-3.34.1-windows-amd64.zip' -defaultName 'ngrokInstall.zip' 
2025-12-26 00:20:31,337 18260 [DEBUG] - Using response url to determine file name. 'https://bin.equinox.io/a/a5dZ1xZdUdx/ngrok-v3-3.34.1-windows-amd64.zip'
2025-12-26 00:20:31,351 18260 [DEBUG] - File name determined from url is 'ngrok-v3-3.34.1-windows-amd64.zip'
2025-12-26 00:20:31,425 18260 [DEBUG] - Running Get-WebHeaders -url 'https://bin.equinox.io/a/a5dZ1xZdUdx/ngrok-v3-3.34.1-windows-amd64.zip' -ErrorAction 'Stop' 
2025-12-26 00:20:31,431 18260 [DEBUG] - Setting the UserAgent to 'chocolatey command line'
2025-12-26 00:20:31,433 18260 [DEBUG] - Request Headers:
2025-12-26 00:20:31,447 18260 [DEBUG] -   'Accept':'*/*'
2025-12-26 00:20:31,447 18260 [DEBUG] -   'User-Agent':'chocolatey command line'
2025-12-26 00:20:32,144 18260 [DEBUG] - Response Headers:
2025-12-26 00:20:32,152 18260 [DEBUG] -   'Nel':'{"report_to":"heroku-nel","response_headers":["Via"],"max_age":3600,"success_fraction":0.01,"failure_fraction":0.1}'
2025-12-26 00:20:32,159 18260 [DEBUG] -   'Report-To':'{"group":"heroku-nel","endpoints":[{"url":"https://nel.heroku.com/reports?s=I1OAUYufC6xnpmWe6K8JUhiHhH9Jz83mDkbf1bNXv6g%3D\u0026sid=1b10b0ff-8a76-4548-befa-353fc6c6c045\u0026ts=1766688625"}],"max_age":3600}'
2025-12-26 00:20:32,160 18260 [DEBUG] -   'Reporting-Endpoints':'heroku-nel="https://nel.heroku.com/reports?s=I1OAUYufC6xnpmWe6K8JUhiHhH9Jz83mDkbf1bNXv6g%3D&sid=1b10b0ff-8a76-4548-befa-353fc6c6c045&ts=1766688625"'
2025-12-26 00:20:32,160 18260 [DEBUG] -   'Request-Id':'rq_j8o4eK76'
2025-12-26 00:20:32,160 18260 [DEBUG] -   'Strict-Transport-Security':'max-age=31536000; includeSubDomains; preload'
2025-12-26 00:20:32,160 18260 [DEBUG] -   'X-Content-Type-Options':'nosniff'
2025-12-26 00:20:32,160 18260 [DEBUG] -   'X-Frame-Options':'DENY'
2025-12-26 00:20:32,160 18260 [DEBUG] -   'X-Xss-Protection':'1; mode=block'
2025-12-26 00:20:32,176 18260 [DEBUG] -   'Content-Length':'11646367'
2025-12-26 00:20:32,176 18260 [DEBUG] -   'Cache-Control':'max-age=604800'
2025-12-26 00:20:32,180 18260 [DEBUG] -   'Content-Type':'application/octet-stream'
2025-12-26 00:20:32,180 18260 [DEBUG] -   'Date':'Thu, 25 Dec 2025 18:50:25 GMT'
2025-12-26 00:20:32,180 18260 [DEBUG] -   'Server':'Heroku'
2025-12-26 00:20:32,180 18260 [DEBUG] -   'Via':'1.1 heroku-router'
2025-12-26 00:20:32,217 18260 [INFO ] - Downloading ngrok 64 bit
  from 'https://bin.equinox.io/a/a5dZ1xZdUdx/ngrok-v3-3.34.1-windows-amd64.zip'
2025-12-26 00:20:32,257 18260 [DEBUG] - Running Get-WebFile -url 'https://bin.equinox.io/a/a5dZ1xZdUdx/ngrok-v3-3.34.1-windows-amd64.zip' -fileName 'C:\Users\Admin\AppData\Local\Temp\chocolatey\ngrok\3.34.1\ngrok-v3-3.34.1-windows-amd64.zip' -options 'System.Collections.Hashtable' 
2025-12-26 00:20:32,272 18260 [DEBUG] - Setting request timeout to  30000
2025-12-26 00:20:32,272 18260 [DEBUG] - Setting read/write timeout to  2700000
2025-12-26 00:20:32,272 18260 [DEBUG] - Setting the UserAgent to 'chocolatey command line'
2025-12-26 00:20:33,789 18260 [DEBUG] - Downloading https://bin.equinox.io/a/a5dZ1xZdUdx/ngrok-v3-3.34.1-windows-amd64.zip to C:\Users\Admin\AppData\Local\Temp\chocolatey\ngrok\3.34.1\ngrok-v3-3.34.1-windows-amd64.zip
2025-12-26 00:27:38,691 18260 [ERROR] - ERROR: The remote file either doesn't exist, is unauthorized, or is forbidden for url 'https://bin.equinox.io/a/a5dZ1xZdUdx/ngrok-v3-3.34.1-windows-amd64.zip'. Exception calling "Read" with "3" argument(s): "Unable to read data from the transport connection: An established connection was aborted by the software in your host machine."
2025-12-26 00:27:38,702 18260 [DEBUG] - Built-in PowerShell host called with ['[System.Threading.Thread]::CurrentThread.CurrentCulture = '';[System.Threading.Thread]::CurrentThread.CurrentUICulture = '';[System.Net.ServicePointManager]::SecurityProtocol = [System.Net.SecurityProtocolType]::SystemDefault; & import-module -name 'C:\ngrok\helpers\chocolateyInstaller.psm1'; & 'C:\ngrok\helpers\chocolateyScriptRunner.ps1' -packageScript 'C:\ngrok\lib\ngrok\tools\chocolateyinstall.ps1' -installArguments '' -packageParameters '' -preRunHookScripts $null -postRunHookScripts $null'] exited with '404'.
2025-12-26 00:27:38,714 18260 [DEBUG] - Calling command ['"C:\WINDOWS\System32\shutdown.exe" /a']
2025-12-26 00:27:38,827 18260 [DEBUG] - Command ['"C:\WINDOWS\System32\shutdown.exe" /a'] exited with '1116'
2025-12-26 00:27:39,163 18260 [DEBUG] - Capturing package files in 'C:\ngrok\lib\ngrok'
2025-12-26 00:27:39,252 18260 [DEBUG] -  Found 'C:\ngrok\lib\ngrok\ngrok.nupkg'
  with checksum '38E7A17147E93D46565C9D6EE72FD946'
2025-12-26 00:27:39,252 18260 [DEBUG] -  Found 'C:\ngrok\lib\ngrok\ngrok.nuspec'
  with checksum 'AEAF4224C2C91E37A1E39F0F5882B959'
2025-12-26 00:27:39,254 18260 [DEBUG] -  Found 'C:\ngrok\lib\ngrok\tools\chocolateyinstall.ps1'
  with checksum '8138809E7B25B6EB731EF7BD780367D4'
2025-12-26 00:27:39,263 18260 [DEBUG] - Attempting to create directory "C:\ngrok\.chocolatey".
2025-12-26 00:27:39,276 18260 [DEBUG] - Adding 'Hidden' attribute(s) to 'C:\ngrok\.chocolatey'.
2025-12-26 00:27:39,302 18260 [DEBUG] - Attempting to create directory "C:\ngrok\.chocolatey\ngrok.3.34.1".
2025-12-26 00:27:39,324 18260 [DEBUG] - There was no original file at 'C:\ngrok\.chocolatey\ngrok.3.34.1\.files'
2025-12-26 00:27:39,327 18260 [DEBUG] - Attempting to delete file "C:\ngrok\.chocolatey\ngrok.3.34.1\.arguments".
2025-12-26 00:27:39,327 18260 [DEBUG] - Attempting to delete file "C:\ngrok\.chocolatey\ngrok.3.34.1\.extra".
2025-12-26 00:27:39,327 18260 [DEBUG] - Attempting to delete file "C:\ngrok\.chocolatey\ngrok.3.34.1\.version".
2025-12-26 00:27:39,331 18260 [DEBUG] - Attempting to delete file "C:\ngrok\.chocolatey\ngrok.3.34.1\.sxs".
2025-12-26 00:27:39,332 18260 [DEBUG] - Attempting to delete file "C:\ngrok\.chocolatey\ngrok.3.34.1\.pin".
2025-12-26 00:27:39,333 18260 [DEBUG] - Attempting to delete file "C:\ngrok\.chocolatey\ngrok.3.34.1\.deploymentLocation".
2025-12-26 00:27:39,335 18260 [DEBUG] - Sending message 'HandlePackageResultCompletedMessage' out if there are subscribers...
2025-12-26 00:27:39,339 18260 [ERROR] - The install of ngrok was NOT successful.
2025-12-26 00:27:39,344 18260 [ERROR] - Error while running 'C:\ngrok\lib\ngrok\tools\chocolateyinstall.ps1'.
 See log for details.
2025-12-26 00:27:39,346 18260 [DEBUG] - Attempting to create directory "C:\ngrok\lib-bad".
2025-12-26 00:27:39,353 18260 [DEBUG] - Attempting to create directory "C:\ngrok\lib-bad\ngrok".
2025-12-26 00:27:39,355 18260 [DEBUG] - Moving C:\ngrok\lib\ngrok to C:\ngrok\lib-bad\ngrok\3.34.1
2025-12-26 00:27:39,359 18260 [DEBUG] - Moving 'C:\ngrok\lib\ngrok'
 to 'C:\ngrok\lib-bad\ngrok\3.34.1'
2025-12-26 00:27:41,402 18260 [WARN ] - 
Chocolatey installed 0/1 packages. 1 packages failed.
 See the log for details (C:\ngrok\logs\chocolatey.log).
2025-12-26 00:27:41,413 18260 [INFO ] - 
2025-12-26 00:27:41,415 18260 [ERROR] - Failures
2025-12-26 00:27:41,418 18260 [ERROR] -  - ngrok (exited 404) - Error while running 'C:\ngrok\lib\ngrok\tools\chocolateyinstall.ps1'.
 See log for details.
2025-12-26 00:27:41,425 18260 [DEBUG] - Sending message 'PostRunMessage' out if there are subscribers...
2025-12-26 00:27:41,429 18260 [DEBUG] - Exiting with 404
2025-12-26 00:28:15,101 18056 [DEBUG] - XmlConfiguration is now operational
2025-12-26 00:28:15,165 18056 [DEBUG] - Adding new type 'CygwinService' for type 'IAlternativeSourceRunner' from assembly 'choco'
2025-12-26 00:28:15,165 18056 [DEBUG] - Adding new type 'CygwinService' for type 'IInstallSourceRunner' from assembly 'choco'
2025-12-26 00:28:15,167 18056 [DEBUG] - Adding new type 'PythonService' for type 'IAlternativeSourceRunner' from assembly 'choco'
2025-12-26 00:28:15,168 18056 [DEBUG] - Adding new type 'PythonService' for type 'IListSourceRunner' from assembly 'choco'
2025-12-26 00:28:15,168 18056 [DEBUG] - Adding new type 'PythonService' for type 'IInstallSourceRunner' from assembly 'choco'
2025-12-26 00:28:15,168 18056 [DEBUG] - Adding new type 'PythonService' for type 'IUninstallSourceRunner' from assembly 'choco'
2025-12-26 00:28:15,170 18056 [DEBUG] - Adding new type 'RubyGemsService' for type 'IAlternativeSourceRunner' from assembly 'choco'
2025-12-26 00:28:15,170 18056 [DEBUG] - Adding new type 'RubyGemsService' for type 'IListSourceRunner' from assembly 'choco'
2025-12-26 00:28:15,170 18056 [DEBUG] - Adding new type 'RubyGemsService' for type 'IInstallSourceRunner' from assembly 'choco'
2025-12-26 00:28:15,173 18056 [DEBUG] - Adding new type 'SystemStateValidation' for type 'IValidation' from assembly 'choco'
2025-12-26 00:28:15,173 18056 [DEBUG] - Adding new type 'CacheFolderLockdownValidation' for type 'IValidation' from assembly 'choco'
2025-12-26 00:28:15,691 18056 [DEBUG] - Adding new type 'EmptyOrInvalidUrlMetadataRule' for type 'IMetadataRule' from assembly 'choco'
2025-12-26 00:28:15,691 18056 [DEBUG] - Adding new type 'FrameWorkReferencesMetadataRule' for type 'IMetadataRule' from assembly 'choco'
2025-12-26 00:28:15,693 18056 [DEBUG] - Adding new type 'IconMetadataRule' for type 'IMetadataRule' from assembly 'choco'
2025-12-26 00:28:15,693 18056 [DEBUG] - Adding new type 'LicenseMetadataRule' for type 'IMetadataRule' from assembly 'choco'
2025-12-26 00:28:15,695 18056 [DEBUG] - Adding new type 'PackageTypesMetadataRule' for type 'IMetadataRule' from assembly 'choco'
2025-12-26 00:28:15,697 18056 [DEBUG] - Adding new type 'ReadmeMetadataRule' for type 'IMetadataRule' from assembly 'choco'
2025-12-26 00:28:15,698 18056 [DEBUG] - Adding new type 'RepositoryMetadataRule' for type 'IMetadataRule' from assembly 'choco'
2025-12-26 00:28:15,698 18056 [DEBUG] - Adding new type 'RequireLicenseAcceptanceMetadataRule' for type 'IMetadataRule' from assembly 'choco'
2025-12-26 00:28:15,698 18056 [DEBUG] - Adding new type 'ServicableMetadataRule' for type 'IMetadataRule' from assembly 'choco'
2025-12-26 00:28:15,700 18056 [DEBUG] - Adding new type 'VersionMetadataRule' for type 'IMetadataRule' from assembly 'choco'
2025-12-26 00:28:15,711 18056 [DEBUG] - Registering new command 'license' in assembly 'choco'
2025-12-26 00:28:15,711 18056 [DEBUG] - Registering new command 'cache' in assembly 'choco'
2025-12-26 00:28:15,712 18056 [DEBUG] - Registering new command 'list' in assembly 'choco'
2025-12-26 00:28:15,713 18056 [DEBUG] - Registering new command 'rule' in assembly 'choco'
2025-12-26 00:28:15,715 18056 [DEBUG] - Registering new command 'support' in assembly 'choco'
2025-12-26 00:28:15,717 18056 [DEBUG] - Registering new command 'template' in assembly 'choco'
2025-12-26 00:28:15,718 18056 [DEBUG] - Registering new command 'export' in assembly 'choco'
2025-12-26 00:28:15,718 18056 [DEBUG] - Registering new command 'info' in assembly 'choco'
2025-12-26 00:28:15,718 18056 [DEBUG] - Registering new command 'help' in assembly 'choco'
2025-12-26 00:28:15,720 18056 [DEBUG] - Registering new command 'config' in assembly 'choco'
2025-12-26 00:28:15,720 18056 [DEBUG] - Registering new command 'feature' in assembly 'choco'
2025-12-26 00:28:15,722 18056 [DEBUG] - Registering new command 'new' in assembly 'choco'
2025-12-26 00:28:15,722 18056 [DEBUG] - Registering new command 'outdated' in assembly 'choco'
2025-12-26 00:28:15,724 18056 [DEBUG] - Registering new command 'pack' in assembly 'choco'
2025-12-26 00:28:15,724 18056 [DEBUG] - Registering new command 'pin' in assembly 'choco'
2025-12-26 00:28:15,724 18056 [DEBUG] - Registering new command 'push' in assembly 'choco'
2025-12-26 00:28:15,726 18056 [DEBUG] - Registering new command 'apikey' in assembly 'choco'
2025-12-26 00:28:15,726 18056 [DEBUG] - Registering new command 'source' in assembly 'choco'
2025-12-26 00:28:15,728 18056 [DEBUG] - Registering new command 'uninstall' in assembly 'choco'
2025-12-26 00:28:15,728 18056 [DEBUG] - Registering new command 'upgrade' in assembly 'choco'
2025-12-26 00:28:15,729 18056 [DEBUG] - Registering new command 'search' in assembly 'choco'
2025-12-26 00:28:15,729 18056 [DEBUG] - Registering new command 'unpackself' in assembly 'choco'
2025-12-26 00:28:15,730 18056 [DEBUG] - Registering new command 'install' in assembly 'choco'
2025-12-26 00:28:15,906 18056 [INFO ] - ============================================================
2025-12-26 00:28:16,462 18056 [INFO ] - Chocolatey v2.5.0
2025-12-26 00:28:16,478 18056 [DEBUG] - Chocolatey is running on Windows v 10.0.26200.0
2025-12-26 00:28:16,478 18056 [DEBUG] - Attempting to delete file "C:/ProgramData/chocolatey/choco.exe.old".
2025-12-26 00:28:16,478 18056 [DEBUG] - Attempting to delete file "C:\ProgramData\chocolatey\choco.exe.old".
2025-12-26 00:28:16,494 18056 [DEBUG] - Command line: "C:\ProgramData\chocolatey\choco.exe" install ngrok
2025-12-26 00:28:16,494 18056 [DEBUG] - Received arguments: install ngrok
2025-12-26 00:28:16,555 18056 [DEBUG] - RemovePendingPackagesTask is now ready and waiting for PreRunMessage.
2025-12-26 00:28:16,564 18056 [DEBUG] - Sending message 'PreRunMessage' out if there are subscribers...
2025-12-26 00:28:16,574 18056 [DEBUG] - [Pending] Removing all pending packages that should not be considered installed...
2025-12-26 00:28:16,629 18056 [DEBUG] - Performing validation checks.
2025-12-26 00:28:16,633 18056 [DEBUG] - Global Configuration Validation Checks:
2025-12-26 00:28:16,635 18056 [DEBUG] -  - Package Exit Code / Exit On Reboot = Checked
2025-12-26 00:28:16,639 18056 [DEBUG] - System State Validation Checks:
2025-12-26 00:28:16,641 18056 [DEBUG] -  Reboot Requirement Checks:
2025-12-26 00:28:16,643 18056 [DEBUG] -  - Pending Computer Rename = Checked
2025-12-26 00:28:16,645 18056 [DEBUG] -  - Pending Component Based Servicing = Checked
2025-12-26 00:28:16,647 18056 [DEBUG] -  - Pending Windows Auto Update = Checked
2025-12-26 00:28:16,649 18056 [DEBUG] -  - Pending File Rename Operations = Ignored
2025-12-26 00:28:16,649 18056 [DEBUG] -  - Pending Windows Package Installer = Checked
2025-12-26 00:28:16,651 18056 [DEBUG] -  - Pending Windows Package Installer SysWow64 = Checked
2025-12-26 00:28:16,656 18056 [DEBUG] - Cache Folder Lockdown Checks:
2025-12-26 00:28:16,656 18056 [DEBUG] -  - Elevated State = Checked
2025-12-26 00:28:16,656 18056 [DEBUG] -  - Folder Exists = Checked
2025-12-26 00:28:16,662 18056 [DEBUG] -  - Folder lockdown = Checked
2025-12-26 00:28:16,664 18056 [INFO ] - 3 validations performed. 3 success(es), 0 warning(s), and 0 error(s).
2025-12-26 00:28:16,682 18056 [DEBUG] - The source 'https://community.chocolatey.org/api/v2/' evaluated to a 'normal' source type
2025-12-26 00:28:16,684 18056 [DEBUG] - 
NOTE: Hiding sensitive configuration data! Please double and triple
 check to be sure no sensitive data is shown, especially if copying
 output to a gist for review.
2025-12-26 00:28:16,698 18056 [DEBUG] - Configuration: CommandName='install'|
CacheLocation='C:\Users\Admin\AppData\Local\Temp\chocolatey'|
CommandExecutionTimeoutSeconds='2700'|WebRequestTimeoutSeconds='30'|
Sources='https://community.chocolatey.org/api/v2/'|SourceType='normal'|
IncludeConfiguredSources='False'|ShowOnlineHelp='False'|Debug='False'|
Verbose='False'|Trace='False'|Force='False'|Noop='False'|
HelpRequested='False'|UnsuccessfulParsing='False'|RegularOutput='True'|
QuietOutput='False'|PromptForConfirmation='True'|
DisableCompatibilityChecks='False'|AcceptLicense='False'|
AllowUnofficialBuild='False'|Input='ngrok'|AllVersions='False'|
SkipPackageInstallProvider='False'|SkipHookScripts='False'|
PackageNames='ngrok'|Prerelease='False'|ForceX86='False'|
OverrideArguments='False'|NotSilent='False'|
ApplyPackageParametersToDependencies='False'|
ApplyInstallArgumentsToDependencies='False'|IgnoreDependencies='False'|
UseHttpCache='True'|CacheExpirationInMinutes='30'|
AllowDowngrade='False'|ForceDependencies='False'|PinPackage='False'|
IncludeHeaders='False'|Information.PlatformType='Windows'|
Information.PlatformVersion='10.0.26200.0'|
Information.PlatformName='Windows 11'|
Information.ChocolateyVersion='2.5.0.0'|
Information.ChocolateyProductVersion='2.5.0'|
Information.FullName='choco, Version=2.5.0.0, Culture=neutral, PublicKeyToken=79d02ea9cad655eb'|

Information.Is64BitOperatingSystem='True'|
Information.Is64BitProcess='True'|Information.IsInteractive='True'|
Information.UserName='Admin'|Information.UserDomainName='SUBHASH'|
Information.IsUserAdministrator='True'|
Information.IsUserSystemAccount='False'|
Information.IsUserRemoteDesktop='False'|
Information.IsUserRemote='True'|
Information.IsProcessElevated='True'|
Information.IsLicensedVersion='False'|
Information.IsLicensedAssemblyLoaded='False'|
Information.LicenseType='Foss'|
Information.CurrentDirectory='C:\WINDOWS\system32'|
Features.AutoUninstaller='True'|Features.ChecksumFiles='True'|
Features.AllowEmptyChecksums='False'|
Features.AllowEmptyChecksumsSecure='True'|
Features.FailOnAutoUninstaller='False'|
Features.FailOnStandardError='False'|Features.UsePowerShellHost='True'|
Features.LogEnvironmentValues='False'|Features.LogWithoutColor='False'|
Features.VirusCheck='False'|
Features.FailOnInvalidOrMissingLicense='False'|
Features.IgnoreInvalidOptionsSwitches='True'|
Features.UsePackageExitCodes='True'|
Features.UseEnhancedExitCodes='False'|
Features.UseFipsCompliantChecksums='False'|
Features.ShowNonElevatedWarnings='True'|
Features.ShowDownloadProgress='True'|
Features.StopOnFirstPackageFailure='False'|
Features.UseRememberedArgumentsForUpgrades='False'|
Features.IgnoreUnfoundPackagesOnUpgradeOutdated='False'|
Features.SkipPackageUpgradesWhenNotInstalled='False'|
Features.RemovePackageInformationOnUninstall='False'|
Features.ExitOnRebootDetected='False'|
Features.LogValidationResultsOnWarnings='True'|
Features.UsePackageRepositoryOptimizations='True'|
Features.UsePackageHashValidation='False'|
ListCommand.LocalOnly='False'|
ListCommand.IdOnly='False'|ListCommand.IncludeRegistryPrograms='False'|
ListCommand.PageSize='25'|ListCommand.Exact='False'|
ListCommand.ByIdOnly='False'|ListCommand.ByTagOnly='False'|
ListCommand.IdStartsWith='False'|ListCommand.IgnorePinned='False'|
ListCommand.OrderBy='Id'|ListCommand.OrderByPopularity='False'|
ListCommand.ApprovedOnly='False'|
ListCommand.DownloadCacheAvailable='False'|
ListCommand.NotBroken='False'|
ListCommand.IncludeVersionOverrides='False'|
ListCommand.ExplicitPageSize='False'|
ListCommand.ExplicitSource='False'|
UpgradeCommand.FailOnUnfound='False'|
UpgradeCommand.FailOnNotInstalled='False'|
UpgradeCommand.NotifyOnlyAvailableUpgrades='False'|
UpgradeCommand.ExcludePrerelease='False'|
UpgradeCommand.IgnorePinned='False'|
NewCommand.AutomaticPackage='False'|
NewCommand.UseOriginalTemplate='False'|SourceCommand.Command='unknown'|
SourceCommand.Priority='0'|SourceCommand.BypassProxy='False'|
SourceCommand.AllowSelfService='False'|
SourceCommand.VisibleToAdminsOnly='False'|
FeatureCommand.Command='unknown'|ConfigCommand.Command='Unknown'|
ApiKeyCommand.Command='Unknown'|PinCommand.Command='Unknown'|
LicenseCommand.Command='Unknown'|OutdatedCommand.IgnorePinned='False'|
ExportCommand.IncludeVersionNumbers='False'|Proxy.BypassOnLocal='True'|
TemplateCommand.Command='unknown'|CacheCommand.Command='Unknown'|
CacheCommand.RemoveExpiredItemsOnly='False'|
2025-12-26 00:28:16,700 18056 [DEBUG] - _ Chocolatey:ChocolateyInstallCommand - Normal Run Mode _
2025-12-26 00:28:16,702 18056 [INFO ] - Installing the following packages:
2025-12-26 00:28:16,711 18056 [INFO ] - ngrok
2025-12-26 00:28:16,713 18056 [INFO ] - By installing, you accept licenses for the packages.
2025-12-26 00:28:16,802 18056 [DEBUG] - Process Tree: Chocolatey CLI => Chocolatey CLI => powershell => explorer
2025-12-26 00:28:16,815 18056 [DEBUG] - Updating User Agent to 'Chocolatey Command Line/2.5.0 (Chocolatey CLI) via NuGet Client/6.4.1 (Microsoft Windows NT 10.0.26200.0)'.
2025-12-26 00:28:16,970 18056 [DEBUG] - Running list with the following filter = ''
2025-12-26 00:28:16,972 18056 [DEBUG] - --- Start of List ---
2025-12-26 00:28:16,993 18056 [DEBUG] - Process Tree: Chocolatey CLI => Chocolatey CLI => powershell => explorer
2025-12-26 00:28:16,993 18056 [DEBUG] - Updating User Agent to 'Chocolatey Command Line/2.5.0 (Chocolatey CLI) via NuGet Client/6.4.1 (Microsoft Windows NT 10.0.26200.0)'.
2025-12-26 00:28:16,997 18056 [DEBUG] - Resolving resource PackageSearchResource for source C:\ngrok\lib
2025-12-26 00:28:17,049 18056 [DEBUG] - --- End of List ---
2025-12-26 00:28:17,052 18056 [DEBUG] - Resolving resource ListResource for source https://community.chocolatey.org/api/v2/
2025-12-26 00:28:17,506 18056 [INFO ] - [NuGet]   CACHE https://community.chocolatey.org/api/v2/$metadata
2025-12-26 00:28:17,540 18056 [INFO ] - [NuGet]   CACHE https://community.chocolatey.org/api/v2/Packages()?$filter=(tolower(Id)%20eq%20'ngrok')%20and%20IsLatestVersion&semVerLevel=2.0.0
2025-12-26 00:28:17,578 18056 [DEBUG] - Resolving resource DependencyInfoResource for source https://community.chocolatey.org/api/v2/
2025-12-26 00:28:17,651 18056 [INFO ] - [NuGet]   CACHE https://community.chocolatey.org/api/v2/Packages(Id='ngrok',Version='3.34.1')
2025-12-26 00:28:17,757 18056 [INFO ] - [NuGet] Resolving dependency information took 0 ms
2025-12-26 00:28:17,757 18056 [DEBUG] - Resolving resource DownloadResource for source https://community.chocolatey.org/api/v2/
2025-12-26 00:28:17,782 18056 [DEBUG] - Attempting to delete file "".
2025-12-26 00:28:17,782 18056 [INFO ] - Downloading package from source 'https://community.chocolatey.org/api/v2/'
2025-12-26 00:28:17,791 18056 [DEBUG] - Package download location 'https://community.chocolatey.org/api/v2/package/ngrok/3.34.1'
2025-12-26 00:28:17,809 18056 [INFO ] - [NuGet]   GET https://community.chocolatey.org/api/v2/package/ngrok/3.34.1
2025-12-26 00:28:18,241 18056 [INFO ] - [NuGet]   OK https://community.chocolatey.org/api/v2/package/ngrok/3.34.1 434ms
2025-12-26 00:28:18,288 18056 [INFO ] - [NuGet] Acquiring lock for the installation of ngrok 3.34.1
2025-12-26 00:28:18,363 18056 [INFO ] - [NuGet] Acquired lock for the installation of ngrok 3.34.1
2025-12-26 00:28:18,679 18056 [INFO ] - [NuGet] Installed ngrok 3.34.1 from https://community.chocolatey.org/api/v2/ with content hash 32NG2r4lCzZ9FpinRA40tHdtTRLU4eAcxB7qNCJpqVvQHt9tRnl06gqqoqZntKkcCJSJCu0EWGfkX+JbFg4oNg==.
2025-12-26 00:28:18,685 18056 [DEBUG] - Skipping package hash validation as feature 'usePackageHashValidation' is not enabled.
2025-12-26 00:28:18,705 18056 [INFO ] - [NuGet] Adding package 'ngrok.3.34.1' to folder 'C:\ngrok\lib'
2025-12-26 00:28:18,746 18056 [INFO ] - [NuGet] Added package 'ngrok.3.34.1' to folder 'C:\ngrok\lib'
2025-12-26 00:28:18,753 18056 [DEBUG] - Attempting to delete file "C:\Users\Admin\AppData\Local\Temp\chocolatey\ChocolateyScratch\ngrok/3.34.1\ngrok.3.34.1.nupkg".
2025-12-26 00:28:18,755 18056 [DEBUG] - Attempting to delete file "C:\Users\Admin\AppData\Local\Temp\chocolatey\ChocolateyScratch\ngrok/3.34.1\.nupkg.metadata".
2025-12-26 00:28:18,757 18056 [DEBUG] - Attempting to delete file "C:\Users\Admin\AppData\Local\Temp\chocolatey\ChocolateyScratch\ngrok/3.34.1\ngrok.3.34.1.nupkg.sha512".
2025-12-26 00:28:18,789 18056 [INFO ] - 
ngrok v3.34.1
2025-12-26 00:28:18,833 18056 [INFO ] - ngrok package files install completed. Performing other installation steps.
2025-12-26 00:28:18,932 18056 [DEBUG] - Setting installer args for ngrok
2025-12-26 00:28:18,932 18056 [DEBUG] - Setting package parameters for ngrok
2025-12-26 00:28:18,936 18056 [DEBUG] - Contents of 'C:\ngrok\lib\ngrok\tools\chocolateyinstall.ps1':
2025-12-26 00:28:18,950 18056 [DEBUG] - $toolsDir   = "$(Split-Path -parent $MyInvocation.MyCommand.Definition)"
$packageArgs = @{
  packageName   = 'ngrok'
  unzipLocation = $toolsDir
  fileType      = 'exe'
  url           = 'https://bin.equinox.io/a/bbx1YZZjxN5/ngrok-v3-3.34.1-windows-386.zip'
  url64bit      = 'https://bin.equinox.io/a/a5dZ1xZdUdx/ngrok-v3-3.34.1-windows-amd64.zip'

  softwareName  = 'ngrok'

  checksum      = '72e9b3e637e583e29bfde2237c3926d9064337806540d2dec8142277a1b80118'
  checksumType  = 'sha256'
  checksum64    = '4335868de6fc5896eafe2c6b85c807e46618e2f68f1e27982e7b15378814dab7'
  checksumType64= 'sha256'

  validExitCodes= @(0)
  silentArgs   = ''
}

Install-ChocolateyZipPackage @packageArgs
2025-12-26 00:28:18,952 18056 [INFO ] - The package ngrok wants to run 'chocolateyinstall.ps1'.
2025-12-26 00:28:18,956 18056 [INFO ] - Note: If you don't run this script, the installation will fail.
2025-12-26 00:28:18,958 18056 [INFO ] - Note: To confirm automatically next time, use '-y' or consider:
2025-12-26 00:28:18,960 18056 [INFO ] - choco feature enable -n allowGlobalConfirmation
2025-12-26 00:28:18,987 18056 [INFO ] - Do you want to run the script?
2025-12-26 00:28:18,989 18056 [INFO ] -  1) yes
2025-12-26 00:28:18,989 18056 [INFO ] -  2) all scripts
2025-12-26 00:28:18,989 18056 [INFO ] -  3) no
2025-12-26 00:28:18,993 18056 [INFO ] -  4) print
2025-12-26 00:28:21,844 18056 [INFO ] - Choice selected: 'yes'
2025-12-26 00:28:21,877 18056 [DEBUG] - Calling built-in PowerShell host with ['[System.Threading.Thread]::CurrentThread.CurrentCulture = '';[System.Threading.Thread]::CurrentThread.CurrentUICulture = '';[System.Net.ServicePointManager]::SecurityProtocol = [System.Net.SecurityProtocolType]::SystemDefault; & import-module -name 'C:\ngrok\helpers\chocolateyInstaller.psm1'; & 'C:\ngrok\helpers\chocolateyScriptRunner.ps1' -packageScript 'C:\ngrok\lib\ngrok\tools\chocolateyinstall.ps1' -installArguments '' -packageParameters '' -preRunHookScripts $null -postRunHookScripts $null']
2025-12-26 00:28:21,877 18056 [DEBUG] - Redirecting System.Management.Automation.resources, Version=3.0.0.0, Culture=en-US, PublicKeyToken=31bf3856ad364e35, requested by ''
2025-12-26 00:28:22,223 18056 [DEBUG] - Host version is 5.1.26100.1882, PowerShell Version is '5.1.26100.7462' and CLR Version is '4.0.30319.42000'.
2025-12-26 00:28:22,558 18056 [INFO ] - VERBOSE: Exporting function 'Format-FileSize'.
2025-12-26 00:28:22,558 18056 [INFO ] - VERBOSE: Exporting function 'Get-ChecksumValid'.
2025-12-26 00:28:22,558 18056 [INFO ] - VERBOSE: Exporting function 'Get-ChocolateyConfigValue'.
2025-12-26 00:28:22,558 18056 [INFO ] - VERBOSE: Exporting function 'Get-ChocolateyPath'.
2025-12-26 00:28:22,558 18056 [INFO ] - VERBOSE: Exporting function 'Get-ChocolateyUnzip'.
2025-12-26 00:28:22,558 18056 [INFO ] - VERBOSE: Exporting function 'Get-ChocolateyWebFile'.
2025-12-26 00:28:22,574 18056 [INFO ] - VERBOSE: Exporting function 'Get-FtpFile'.
2025-12-26 00:28:22,574 18056 [INFO ] - VERBOSE: Exporting function 'Get-OSArchitectureWidth'.
2025-12-26 00:28:22,574 18056 [INFO ] - VERBOSE: Exporting function 'Get-PackageParameters'.
2025-12-26 00:28:22,574 18056 [INFO ] - VERBOSE: Exporting function 'Get-PackageParametersBuiltIn'.
2025-12-26 00:28:22,574 18056 [INFO ] - VERBOSE: Exporting function 'Get-ToolsLocation'.
2025-12-26 00:28:22,574 18056 [INFO ] - VERBOSE: Exporting function 'Get-UACEnabled'.
2025-12-26 00:28:22,574 18056 [INFO ] - VERBOSE: Exporting function 'Get-UninstallRegistryKey'.
2025-12-26 00:28:22,574 18056 [INFO ] - VERBOSE: Exporting function 'Get-VirusCheckValid'.
2025-12-26 00:28:22,574 18056 [INFO ] - VERBOSE: Exporting function 'Get-WebFile'.
2025-12-26 00:28:22,574 18056 [INFO ] - VERBOSE: Exporting function 'Get-WebFileName'.
2025-12-26 00:28:22,574 18056 [INFO ] - VERBOSE: Exporting function 'Get-WebHeaders'.
2025-12-26 00:28:22,574 18056 [INFO ] - VERBOSE: Exporting function 'Install-BinFile'.
2025-12-26 00:28:22,574 18056 [INFO ] - VERBOSE: Exporting function 'Install-ChocolateyEnvironmentVariable'.
2025-12-26 00:28:22,574 18056 [INFO ] - VERBOSE: Exporting function 'Install-ChocolateyExplorerMenuItem'.
2025-12-26 00:28:22,590 18056 [INFO ] - VERBOSE: Exporting function 'Install-ChocolateyFileAssociation'.
2025-12-26 00:28:22,590 18056 [INFO ] - VERBOSE: Exporting function 'Install-ChocolateyInstallPackage'.
2025-12-26 00:28:22,590 18056 [INFO ] - VERBOSE: Exporting function 'Install-ChocolateyPackage'.
2025-12-26 00:28:22,590 18056 [INFO ] - VERBOSE: Exporting function 'Install-ChocolateyPinnedTaskBarItem'.
2025-12-26 00:28:22,590 18056 [INFO ] - VERBOSE: Exporting function 'Install-ChocolateyPowershellCommand'.
2025-12-26 00:28:22,590 18056 [INFO ] - VERBOSE: Exporting function 'Install-ChocolateyShortcut'.
2025-12-26 00:28:22,590 18056 [INFO ] - VERBOSE: Exporting function 'Install-ChocolateyVsixPackage'.
2025-12-26 00:28:22,590 18056 [INFO ] - VERBOSE: Exporting function 'Install-ChocolateyZipPackage'.
2025-12-26 00:28:22,590 18056 [INFO ] - VERBOSE: Exporting function 'Install-Vsix'.
2025-12-26 00:28:22,590 18056 [INFO ] - VERBOSE: Exporting function 'Set-PowerShellExitCode'.
2025-12-26 00:28:22,590 18056 [INFO ] - VERBOSE: Exporting function 'Start-ChocolateyProcessAsAdmin'.
2025-12-26 00:28:22,590 18056 [INFO ] - VERBOSE: Exporting function 'Uninstall-BinFile'.
2025-12-26 00:28:22,590 18056 [INFO ] - VERBOSE: Exporting function 'Uninstall-ChocolateyEnvironmentVariable'.
2025-12-26 00:28:22,606 18056 [INFO ] - VERBOSE: Exporting function 'Uninstall-ChocolateyPackage'.
2025-12-26 00:28:22,607 18056 [INFO ] - VERBOSE: Exporting function 'Uninstall-ChocolateyZipPackage'.
2025-12-26 00:28:22,607 18056 [INFO ] - VERBOSE: Exporting function 'Write-FunctionCallLogMessage'.
2025-12-26 00:28:22,607 18056 [INFO ] - VERBOSE: Exporting alias 'Get-ProcessorBits'.
2025-12-26 00:28:22,607 18056 [INFO ] - VERBOSE: Exporting alias 'Get-OSBitness'.
2025-12-26 00:28:22,607 18056 [INFO ] - VERBOSE: Exporting alias 'Get-InstallRegistryKey'.
2025-12-26 00:28:22,607 18056 [INFO ] - VERBOSE: Exporting alias 'Generate-BinFile'.
2025-12-26 00:28:22,607 18056 [INFO ] - VERBOSE: Exporting alias 'Add-BinFile'.
2025-12-26 00:28:22,607 18056 [INFO ] - VERBOSE: Exporting alias 'Start-ChocolateyProcess'.
2025-12-26 00:28:22,607 18056 [INFO ] - VERBOSE: Exporting alias 'Invoke-ChocolateyProcess'.
2025-12-26 00:28:22,607 18056 [INFO ] - VERBOSE: Exporting alias 'Remove-BinFile'.
2025-12-26 00:28:22,622 18056 [INFO ] - VERBOSE: Exporting function 'Format-FileSize'.
2025-12-26 00:28:22,622 18056 [INFO ] - VERBOSE: Exporting function 'Get-ChecksumValid'.
2025-12-26 00:28:22,622 18056 [INFO ] - VERBOSE: Exporting function 'Get-ChocolateyConfigValue'.
2025-12-26 00:28:22,622 18056 [INFO ] - VERBOSE: Exporting function 'Get-ChocolateyPath'.
2025-12-26 00:28:22,622 18056 [INFO ] - VERBOSE: Exporting function 'Get-ChocolateyUnzip'.
2025-12-26 00:28:22,622 18056 [INFO ] - VERBOSE: Exporting function 'Get-ChocolateyWebFile'.
2025-12-26 00:28:22,622 18056 [INFO ] - VERBOSE: Exporting function 'Get-FtpFile'.
2025-12-26 00:28:22,622 18056 [INFO ] - VERBOSE: Exporting function 'Get-OSArchitectureWidth'.
2025-12-26 00:28:22,638 18056 [INFO ] - VERBOSE: Exporting function 'Get-PackageParameters'.
2025-12-26 00:28:22,638 18056 [INFO ] - VERBOSE: Exporting function 'Get-PackageParametersBuiltIn'.
2025-12-26 00:28:22,638 18056 [INFO ] - VERBOSE: Exporting function 'Get-ToolsLocation'.
2025-12-26 00:28:22,638 18056 [INFO ] - VERBOSE: Exporting function 'Get-UACEnabled'.
2025-12-26 00:28:22,638 18056 [INFO ] - VERBOSE: Exporting function 'Get-UninstallRegistryKey'.
2025-12-26 00:28:22,638 18056 [INFO ] - VERBOSE: Exporting function 'Get-VirusCheckValid'.
2025-12-26 00:28:22,638 18056 [INFO ] - VERBOSE: Exporting function 'Get-WebFile'.
2025-12-26 00:28:22,638 18056 [INFO ] - VERBOSE: Exporting function 'Get-WebFileName'.
2025-12-26 00:28:22,638 18056 [INFO ] - VERBOSE: Exporting function 'Get-WebHeaders'.
2025-12-26 00:28:22,638 18056 [INFO ] - VERBOSE: Exporting function 'Install-BinFile'.
2025-12-26 00:28:22,638 18056 [INFO ] - VERBOSE: Exporting function 'Install-ChocolateyEnvironmentVariable'.
2025-12-26 00:28:22,638 18056 [INFO ] - VERBOSE: Exporting function 'Install-ChocolateyExplorerMenuItem'.
2025-12-26 00:28:22,638 18056 [INFO ] - VERBOSE: Exporting function 'Install-ChocolateyFileAssociation'.
2025-12-26 00:28:22,638 18056 [INFO ] - VERBOSE: Exporting function 'Install-ChocolateyInstallPackage'.
2025-12-26 00:28:22,638 18056 [INFO ] - VERBOSE: Exporting function 'Install-ChocolateyPackage'.
2025-12-26 00:28:22,638 18056 [INFO ] - VERBOSE: Exporting function 'Install-ChocolateyPinnedTaskBarItem'.
2025-12-26 00:28:22,638 18056 [INFO ] - VERBOSE: Exporting function 'Install-ChocolateyPowershellCommand'.
2025-12-26 00:28:22,654 18056 [INFO ] - VERBOSE: Exporting function 'Install-ChocolateyShortcut'.
2025-12-26 00:28:22,654 18056 [INFO ] - VERBOSE: Exporting function 'Install-ChocolateyVsixPackage'.
2025-12-26 00:28:22,654 18056 [INFO ] - VERBOSE: Exporting function 'Install-ChocolateyZipPackage'.
2025-12-26 00:28:22,654 18056 [INFO ] - VERBOSE: Exporting function 'Install-Vsix'.
2025-12-26 00:28:22,654 18056 [INFO ] - VERBOSE: Exporting function 'Set-PowerShellExitCode'.
2025-12-26 00:28:22,654 18056 [INFO ] - VERBOSE: Exporting function 'Start-ChocolateyProcessAsAdmin'.
2025-12-26 00:28:22,654 18056 [INFO ] - VERBOSE: Exporting function 'Uninstall-BinFile'.
2025-12-26 00:28:22,654 18056 [INFO ] - VERBOSE: Exporting function 'Uninstall-ChocolateyEnvironmentVariable'.
2025-12-26 00:28:22,654 18056 [INFO ] - VERBOSE: Exporting function 'Uninstall-ChocolateyPackage'.
2025-12-26 00:28:22,654 18056 [INFO ] - VERBOSE: Exporting function 'Uninstall-ChocolateyZipPackage'.
2025-12-26 00:28:22,654 18056 [INFO ] - VERBOSE: Exporting function 'Write-FunctionCallLogMessage'.
2025-12-26 00:28:22,654 18056 [INFO ] - VERBOSE: Exporting alias 'Get-ProcessorBits'.
2025-12-26 00:28:22,654 18056 [INFO ] - VERBOSE: Exporting alias 'Get-OSBitness'.
2025-12-26 00:28:22,654 18056 [INFO ] - VERBOSE: Exporting alias 'Get-InstallRegistryKey'.
2025-12-26 00:28:22,654 18056 [INFO ] - VERBOSE: Exporting alias 'Generate-BinFile'.
2025-12-26 00:28:22,654 18056 [INFO ] - VERBOSE: Exporting alias 'Add-BinFile'.
2025-12-26 00:28:22,669 18056 [INFO ] - VERBOSE: Exporting alias 'Start-ChocolateyProcess'.
2025-12-26 00:28:22,669 18056 [INFO ] - VERBOSE: Exporting alias 'Invoke-ChocolateyProcess'.
2025-12-26 00:28:22,669 18056 [INFO ] - VERBOSE: Exporting alias 'Remove-BinFile'.
2025-12-26 00:28:22,669 18056 [INFO ] - VERBOSE: Importing function 'Format-FileSize'.
2025-12-26 00:28:22,669 18056 [INFO ] - VERBOSE: Importing function 'Get-ChecksumValid'.
2025-12-26 00:28:22,669 18056 [INFO ] - VERBOSE: Importing function 'Get-ChocolateyConfigValue'.
2025-12-26 00:28:22,669 18056 [INFO ] - VERBOSE: Importing function 'Get-ChocolateyPath'.
2025-12-26 00:28:22,669 18056 [INFO ] - VERBOSE: Importing function 'Get-ChocolateyUnzip'.
2025-12-26 00:28:22,669 18056 [INFO ] - VERBOSE: Importing function 'Get-ChocolateyWebFile'.
2025-12-26 00:28:22,669 18056 [INFO ] - VERBOSE: Importing function 'Get-FtpFile'.
2025-12-26 00:28:22,669 18056 [INFO ] - VERBOSE: Importing function 'Get-OSArchitectureWidth'.
2025-12-26 00:28:22,669 18056 [INFO ] - VERBOSE: Importing function 'Get-PackageParameters'.
2025-12-26 00:28:22,669 18056 [INFO ] - VERBOSE: Importing function 'Get-PackageParametersBuiltIn'.
2025-12-26 00:28:22,669 18056 [INFO ] - VERBOSE: Importing function 'Get-ToolsLocation'.
2025-12-26 00:28:22,669 18056 [INFO ] - VERBOSE: Importing function 'Get-UACEnabled'.
2025-12-26 00:28:22,669 18056 [INFO ] - VERBOSE: Importing function 'Get-UninstallRegistryKey'.
2025-12-26 00:28:22,686 18056 [INFO ] - VERBOSE: Importing function 'Get-VirusCheckValid'.
2025-12-26 00:28:22,687 18056 [INFO ] - VERBOSE: Importing function 'Get-WebFile'.
2025-12-26 00:28:22,687 18056 [INFO ] - VERBOSE: Importing function 'Get-WebFileName'.
2025-12-26 00:28:22,689 18056 [INFO ] - VERBOSE: Importing function 'Get-WebHeaders'.
2025-12-26 00:28:22,689 18056 [INFO ] - VERBOSE: Importing function 'Install-BinFile'.
2025-12-26 00:28:22,689 18056 [INFO ] - VERBOSE: Importing function 'Install-ChocolateyEnvironmentVariable'.
2025-12-26 00:28:22,689 18056 [INFO ] - VERBOSE: Importing function 'Install-ChocolateyExplorerMenuItem'.
2025-12-26 00:28:22,689 18056 [INFO ] - VERBOSE: Importing function 'Install-ChocolateyFileAssociation'.
2025-12-26 00:28:22,689 18056 [INFO ] - VERBOSE: Importing function 'Install-ChocolateyInstallPackage'.
2025-12-26 00:28:22,689 18056 [INFO ] - VERBOSE: Importing function 'Install-ChocolateyPackage'.
2025-12-26 00:28:22,689 18056 [INFO ] - VERBOSE: Importing function 'Install-ChocolateyPinnedTaskBarItem'.
2025-12-26 00:28:22,689 18056 [INFO ] - VERBOSE: Importing function 'Install-ChocolateyPowershellCommand'.
2025-12-26 00:28:22,689 18056 [INFO ] - VERBOSE: Importing function 'Install-ChocolateyShortcut'.
2025-12-26 00:28:22,689 18056 [INFO ] - VERBOSE: Importing function 'Install-ChocolateyVsixPackage'.
2025-12-26 00:28:22,689 18056 [INFO ] - VERBOSE: Importing function 'Install-ChocolateyZipPackage'.
2025-12-26 00:28:22,689 18056 [INFO ] - VERBOSE: Importing function 'Install-Vsix'.
2025-12-26 00:28:22,689 18056 [INFO ] - VERBOSE: Importing function 'Set-PowerShellExitCode'.
2025-12-26 00:28:22,689 18056 [INFO ] - VERBOSE: Importing function 'Start-ChocolateyProcessAsAdmin'.
2025-12-26 00:28:22,701 18056 [INFO ] - VERBOSE: Importing function 'Uninstall-BinFile'.
2025-12-26 00:28:22,701 18056 [INFO ] - VERBOSE: Importing function 'Uninstall-ChocolateyEnvironmentVariable'.
2025-12-26 00:28:22,703 18056 [INFO ] - VERBOSE: Importing function 'Uninstall-ChocolateyPackage'.
2025-12-26 00:28:22,703 18056 [INFO ] - VERBOSE: Importing function 'Uninstall-ChocolateyZipPackage'.
2025-12-26 00:28:22,703 18056 [INFO ] - VERBOSE: Importing function 'Write-FunctionCallLogMessage'.
2025-12-26 00:28:22,703 18056 [INFO ] - VERBOSE: Importing alias 'Add-BinFile'.
2025-12-26 00:28:22,703 18056 [INFO ] - VERBOSE: Importing alias 'Generate-BinFile'.
2025-12-26 00:28:22,703 18056 [INFO ] - VERBOSE: Importing alias 'Get-InstallRegistryKey'.
2025-12-26 00:28:22,703 18056 [INFO ] - VERBOSE: Importing alias 'Get-OSBitness'.
2025-12-26 00:28:22,703 18056 [INFO ] - VERBOSE: Importing alias 'Get-ProcessorBits'.
2025-12-26 00:28:22,703 18056 [INFO ] - VERBOSE: Importing alias 'Invoke-ChocolateyProcess'.
2025-12-26 00:28:22,703 18056 [INFO ] - VERBOSE: Importing alias 'Remove-BinFile'.
2025-12-26 00:28:22,703 18056 [INFO ] - VERBOSE: Importing alias 'Start-ChocolateyProcess'.
2025-12-26 00:28:22,765 18056 [DEBUG] - ---------------------------Script Execution---------------------------
2025-12-26 00:28:22,772 18056 [DEBUG] - Running 'ChocolateyScriptRunner' for ngrok v3.34.1 with packageScript 'C:\ngrok\lib\ngrok\tools\chocolateyinstall.ps1', packageFolder:'C:\ngrok\lib\ngrok', installArguments: '', packageParameters: '', preRunHookScripts: '', postRunHookScripts: '',
2025-12-26 00:28:22,791 18056 [DEBUG] - Running package script 'C:\ngrok\lib\ngrok\tools\chocolateyinstall.ps1'
2025-12-26 00:28:22,850 18056 [DEBUG] - Running Install-ChocolateyZipPackage -url 'https://bin.equinox.io/a/bbx1YZZjxN5/ngrok-v3-3.34.1-windows-386.zip' -unzipLocation 'C:\ngrok\lib\ngrok\tools' -url64bit 'https://bin.equinox.io/a/a5dZ1xZdUdx/ngrok-v3-3.34.1-windows-amd64.zip' -checksum '72e9b3e637e583e29bfde2237c3926d9064337806540d2dec8142277a1b80118' -checksum64 '4335868de6fc5896eafe2c6b85c807e46618e2f68f1e27982e7b15378814dab7' -checksumType 'sha256' -packageName 'ngrok' -checksumType64 'sha256' 
2025-12-26 00:28:22,892 18056 [DEBUG] - Running Get-ChocolateyWebFile -checksum '72e9b3e637e583e29bfde2237c3926d9064337806540d2dec8142277a1b80118' -checksumType 'sha256' -checksum64 '4335868de6fc5896eafe2c6b85c807e46618e2f68f1e27982e7b15378814dab7' -checksumType64 'sha256' -options 'System.Collections.Hashtable' -getOriginalFileName 'True' -packageName 'ngrok' -fileFullPath 'C:\Users\Admin\AppData\Local\Temp\chocolatey\ngrok\3.34.1\ngrokInstall.zip' -url 'https://bin.equinox.io/a/bbx1YZZjxN5/ngrok-v3-3.34.1-windows-386.zip' -url64bit 'https://bin.equinox.io/a/a5dZ1xZdUdx/ngrok-v3-3.34.1-windows-amd64.zip' 
2025-12-26 00:28:22,910 18056 [DEBUG] - Running Get-OSArchitectureWidth -compare '64' 
2025-12-26 00:28:22,930 18056 [DEBUG] - CPU is 64 bit
2025-12-26 00:28:22,934 18056 [DEBUG] - Setting url to 'https://bin.equinox.io/a/a5dZ1xZdUdx/ngrok-v3-3.34.1-windows-amd64.zip' and bitPackage to 64
2025-12-26 00:28:22,966 18056 [DEBUG] - Running Get-WebFileName -url 'https://bin.equinox.io/a/a5dZ1xZdUdx/ngrok-v3-3.34.1-windows-amd64.zip' -defaultName 'ngrokInstall.zip' 
2025-12-26 00:28:23,957 18056 [DEBUG] - Using response url to determine file name. 'https://bin.equinox.io/a/a5dZ1xZdUdx/ngrok-v3-3.34.1-windows-amd64.zip'
2025-12-26 00:28:23,963 18056 [DEBUG] - File name determined from url is 'ngrok-v3-3.34.1-windows-amd64.zip'
2025-12-26 00:28:24,011 18056 [DEBUG] - Running Get-WebHeaders -url 'https://bin.equinox.io/a/a5dZ1xZdUdx/ngrok-v3-3.34.1-windows-amd64.zip' -ErrorAction 'Stop' 
2025-12-26 00:28:24,011 18056 [DEBUG] - Setting the UserAgent to 'chocolatey command line'
2025-12-26 00:28:24,011 18056 [DEBUG] - Request Headers:
2025-12-26 00:28:24,027 18056 [DEBUG] -   'Accept':'*/*'
2025-12-26 00:28:24,027 18056 [DEBUG] -   'User-Agent':'chocolatey command line'
2025-12-26 00:28:24,847 18056 [DEBUG] - Response Headers:
2025-12-26 00:28:24,857 18056 [DEBUG] -   'Nel':'{"report_to":"heroku-nel","response_headers":["Via"],"max_age":3600,"success_fraction":0.01,"failure_fraction":0.1}'
2025-12-26 00:28:24,860 18056 [DEBUG] -   'Report-To':'{"group":"heroku-nel","endpoints":[{"url":"https://nel.heroku.com/reports?s=XSkLq0PWmv%2Bze8hRKnNM%2FiMXs8J1zGTMAM7ChgpjiWI%3D\u0026sid=1b10b0ff-8a76-4548-befa-353fc6c6c045\u0026ts=1766689097"}],"max_age":3600}'
2025-12-26 00:28:24,864 18056 [DEBUG] -   'Reporting-Endpoints':'heroku-nel="https://nel.heroku.com/reports?s=XSkLq0PWmv%2Bze8hRKnNM%2FiMXs8J1zGTMAM7ChgpjiWI%3D&sid=1b10b0ff-8a76-4548-befa-353fc6c6c045&ts=1766689097"'
2025-12-26 00:28:24,867 18056 [DEBUG] -   'Request-Id':'rq_28WMEwwX'
2025-12-26 00:28:24,867 18056 [DEBUG] -   'Strict-Transport-Security':'max-age=31536000; includeSubDomains; preload'
2025-12-26 00:28:24,867 18056 [DEBUG] -   'X-Content-Type-Options':'nosniff'
2025-12-26 00:28:24,875 18056 [DEBUG] -   'X-Frame-Options':'DENY'
2025-12-26 00:28:24,875 18056 [DEBUG] -   'X-Xss-Protection':'1; mode=block'
2025-12-26 00:28:24,901 18056 [DEBUG] -   'Content-Length':'11646367'
2025-12-26 00:28:24,905 18056 [DEBUG] -   'Cache-Control':'max-age=604800'
2025-12-26 00:28:24,905 18056 [DEBUG] -   'Content-Type':'application/octet-stream'
2025-12-26 00:28:24,910 18056 [DEBUG] -   'Date':'Thu, 25 Dec 2025 18:58:17 GMT'
2025-12-26 00:28:24,910 18056 [DEBUG] -   'Server':'Heroku'
2025-12-26 00:28:24,916 18056 [DEBUG] -   'Via':'1.1 heroku-router'
2025-12-26 00:28:24,951 18056 [INFO ] - File appears to be downloaded already. Verifying with package checksum to determine if it needs to be redownloaded.
2025-12-26 00:28:24,988 18056 [DEBUG] - Running Get-ChecksumValid -file 'C:\Users\Admin\AppData\Local\Temp\chocolatey\ngrok\3.34.1\ngrok-v3-3.34.1-windows-amd64.zip' -checksum '4335868de6fc5896eafe2c6b85c807e46618e2f68f1e27982e7b15378814dab7' -checksumType 'sha256' -originalUrl 'https://bin.equinox.io/a/a5dZ1xZdUdx/ngrok-v3-3.34.1-windows-amd64.zip' -ErrorAction 'Stop' 
2025-12-26 00:28:25,006 18056 [DEBUG] - checksum.exe found at 'C:\ngrok\helpers\..\tools\checksum.exe'
2025-12-26 00:28:25,006 18056 [DEBUG] - Executing command ['C:\ngrok\helpers\..\tools\checksum.exe' -c="4335868de6fc5896eafe2c6b85c807e46618e2f68f1e27982e7b15378814dab7" -t="sha256" -f="C:\Users\Admin\AppData\Local\Temp\chocolatey\ngrok\3.34.1\ngrok-v3-3.34.1-windows-amd64.zip"]
2025-12-26 00:28:25,534 18056 [DEBUG] - Command ['C:\ngrok\helpers\..\tools\checksum.exe' -c="4335868de6fc5896eafe2c6b85c807e46618e2f68f1e27982e7b15378814dab7" -t="sha256" -f="C:\Users\Admin\AppData\Local\Temp\chocolatey\ngrok\3.34.1\ngrok-v3-3.34.1-windows-amd64.zip"] exited with '1'.
2025-12-26 00:28:25,548 18056 [DEBUG] - Existing file failed checksum. Will be redownloaded from url.
2025-12-26 00:28:25,558 18056 [INFO ] - Downloading ngrok 64 bit
  from 'https://bin.equinox.io/a/a5dZ1xZdUdx/ngrok-v3-3.34.1-windows-amd64.zip'
2025-12-26 00:28:25,628 18056 [DEBUG] - Running Get-WebFile -url 'https://bin.equinox.io/a/a5dZ1xZdUdx/ngrok-v3-3.34.1-windows-amd64.zip' -fileName 'C:\Users\Admin\AppData\Local\Temp\chocolatey\ngrok\3.34.1\ngrok-v3-3.34.1-windows-amd64.zip' -options 'System.Collections.Hashtable' 
2025-12-26 00:28:25,640 18056 [DEBUG] - Setting request timeout to  30000
2025-12-26 00:28:25,642 18056 [DEBUG] - Setting read/write timeout to  2700000
2025-12-26 00:28:25,646 18056 [DEBUG] - Setting the UserAgent to 'chocolatey command line'
2025-12-26 00:28:27,337 18056 [DEBUG] - Downloading https://bin.equinox.io/a/a5dZ1xZdUdx/ngrok-v3-3.34.1-windows-amd64.zip to C:\Users\Admin\AppData\Local\Temp\chocolatey\ngrok\3.34.1\ngrok-v3-3.34.1-windows-amd64.zip
2025-12-26 00:29:34,455 18056 [INFO ] - 
2025-12-26 00:29:34,455 18056 [INFO ] - Download of ngrok-v3-3.34.1-windows-amd64.zip (11.11 MB) completed.
2025-12-26 00:29:37,516 18056 [DEBUG] - No runtime virus checking built into FOSS Chocolatey. Check out Pro/Business - https://chocolatey.org/compare
2025-12-26 00:29:37,518 18056 [DEBUG] - Verifying package provided checksum of '4335868de6fc5896eafe2c6b85c807e46618e2f68f1e27982e7b15378814dab7' for 'C:\Users\Admin\AppData\Local\Temp\chocolatey\ngrok\3.34.1\ngrok-v3-3.34.1-windows-amd64.zip'.
2025-12-26 00:29:37,518 18056 [DEBUG] - Running Get-ChecksumValid -file 'C:\Users\Admin\AppData\Local\Temp\chocolatey\ngrok\3.34.1\ngrok-v3-3.34.1-windows-amd64.zip' -checksum '4335868de6fc5896eafe2c6b85c807e46618e2f68f1e27982e7b15378814dab7' -checksumType 'sha256' -originalUrl 'https://bin.equinox.io/a/a5dZ1xZdUdx/ngrok-v3-3.34.1-windows-amd64.zip' 
2025-12-26 00:29:37,527 18056 [DEBUG] - checksum.exe found at 'C:\ngrok\helpers\..\tools\checksum.exe'
2025-12-26 00:29:37,527 18056 [DEBUG] - Executing command ['C:\ngrok\helpers\..\tools\checksum.exe' -c="4335868de6fc5896eafe2c6b85c807e46618e2f68f1e27982e7b15378814dab7" -t="sha256" -f="C:\Users\Admin\AppData\Local\Temp\chocolatey\ngrok\3.34.1\ngrok-v3-3.34.1-windows-amd64.zip"]
2025-12-26 00:29:37,811 18056 [DEBUG] - Command ['C:\ngrok\helpers\..\tools\checksum.exe' -c="4335868de6fc5896eafe2c6b85c807e46618e2f68f1e27982e7b15378814dab7" -t="sha256" -f="C:\Users\Admin\AppData\Local\Temp\chocolatey\ngrok\3.34.1\ngrok-v3-3.34.1-windows-amd64.zip"] exited with '0'.
2025-12-26 00:29:37,853 18056 [DEBUG] - Running Get-ChocolateyUnzip -disableLogging 'False' -fileFullPath 'C:\Users\Admin\AppData\Local\Temp\chocolatey\ngrok\3.34.1\ngrok-v3-3.34.1-windows-amd64.zip' -destination 'C:\ngrok\lib\ngrok\tools' -specificFolder '' -packageName 'ngrok' 
2025-12-26 00:29:37,859 18056 [DEBUG] - Running Get-OSArchitectureWidth -compare '32' 
2025-12-26 00:29:37,859 18056 [INFO ] - Extracting C:\Users\Admin\AppData\Local\Temp\chocolatey\ngrok\3.34.1\ngrok-v3-3.34.1-windows-amd64.zip to C:\ngrok\lib\ngrok\tools...
2025-12-26 00:29:37,875 18056 [DEBUG] - 7zip found at 'C:\ngrok\tools\7z.exe'
2025-12-26 00:29:37,891 18056 [DEBUG] - Executing command ['C:\ngrok\tools\7z.exe' x -aoa -bd -bb1 -o"C:\ngrok\lib\ngrok\tools" -y "C:\Users\Admin\AppData\Local\Temp\chocolatey\ngrok\3.34.1\ngrok-v3-3.34.1-windows-amd64.zip"]
2025-12-26 00:29:38,531 18056 [INFO ] - VERBOSE: 
2025-12-26 00:29:38,532 18056 [INFO ] - VERBOSE: 7-Zip 24.09 (x86) : Copyright (c) 1999-2024 Igor Pavlov : 2024-11-29
2025-12-26 00:29:38,535 18056 [INFO ] - VERBOSE: 
2025-12-26 00:29:38,535 18056 [INFO ] - VERBOSE: Scanning the drive for archives:
2025-12-26 00:29:38,535 18056 [INFO ] - VERBOSE: 1 file, 11646367 bytes (12 MiB)
2025-12-26 00:29:38,542 18056 [INFO ] - VERBOSE: 
2025-12-26 00:29:38,542 18056 [INFO ] - VERBOSE: Extracting archive: C:\Users\Admin\AppData\Local\Temp\chocolatey\ngrok\3.34.1\ngrok-v3-3.34.1-windows-amd64.zip
2025-12-26 00:29:38,543 18056 [INFO ] - VERBOSE: --
2025-12-26 00:29:38,543 18056 [INFO ] - VERBOSE: Path = C:\Users\Admin\AppData\Local\Temp\chocolatey\ngrok\3.34.1\ngrok-v3-3.34.1-windows-amd64.zip
2025-12-26 00:29:38,546 18056 [INFO ] - VERBOSE: Physical Size = 11646367
2025-12-26 00:29:38,546 18056 [INFO ] - VERBOSE: 
2025-12-26 00:29:38,546 18056 [INFO ] - VERBOSE: - ngrok.exe
2025-12-26 00:29:38,552 18056 [INFO ] - VERBOSE: Type = zip
2025-12-26 00:29:38,552 18056 [INFO ] - VERBOSE: 
2025-12-26 00:29:38,557 18056 [INFO ] - VERBOSE: Everything is Ok
2025-12-26 00:29:38,557 18056 [INFO ] - VERBOSE: Compressed: 11646367
2025-12-26 00:29:38,557 18056 [INFO ] - VERBOSE: Size:       31770400
2025-12-26 00:29:38,619 18056 [DEBUG] - $exitCode was passed null
2025-12-26 00:29:38,620 18056 [DEBUG] - Command ['C:\ngrok\tools\7z.exe' x -aoa -bd -bb1 -o"C:\ngrok\lib\ngrok\tools" -y "C:\Users\Admin\AppData\Local\Temp\chocolatey\ngrok\3.34.1\ngrok-v3-3.34.1-windows-amd64.zip"] exited with '0'.
2025-12-26 00:29:38,646 18056 [DEBUG] - 7z exit code: 0
2025-12-26 00:29:38,652 18056 [INFO ] - C:\ngrok\lib\ngrok\tools
2025-12-26 00:29:38,667 18056 [DEBUG] - ----------------------------------------------------------------------
2025-12-26 00:29:38,672 18056 [DEBUG] - Built-in PowerShell host called with ['[System.Threading.Thread]::CurrentThread.CurrentCulture = '';[System.Threading.Thread]::CurrentThread.CurrentUICulture = '';[System.Net.ServicePointManager]::SecurityProtocol = [System.Net.SecurityProtocolType]::SystemDefault; & import-module -name 'C:\ngrok\helpers\chocolateyInstaller.psm1'; & 'C:\ngrok\helpers\chocolateyScriptRunner.ps1' -packageScript 'C:\ngrok\lib\ngrok\tools\chocolateyinstall.ps1' -installArguments '' -packageParameters '' -preRunHookScripts $null -postRunHookScripts $null'] exited with '0'.
2025-12-26 00:29:38,676 18056 [DEBUG] - Calling command ['"C:\WINDOWS\System32\shutdown.exe" /a']
2025-12-26 00:29:38,731 18056 [DEBUG] - Command ['"C:\WINDOWS\System32\shutdown.exe" /a'] exited with '1116'
2025-12-26 00:29:38,873 18056 [DEBUG] - Capturing package files in 'C:\ngrok\lib\ngrok'
2025-12-26 00:29:38,873 18056 [DEBUG] -  Found 'C:\ngrok\lib\ngrok\ngrok-v3-3.34.1-windows-amd64.zip.txt'
  with checksum 'FD6764B816F6141F00F2ECE1057F8877'
2025-12-26 00:29:38,873 18056 [DEBUG] -  Found 'C:\ngrok\lib\ngrok\ngrok.nupkg'
  with checksum '38E7A17147E93D46565C9D6EE72FD946'
2025-12-26 00:29:38,873 18056 [DEBUG] -  Found 'C:\ngrok\lib\ngrok\ngrok.nuspec'
  with checksum 'AEAF4224C2C91E37A1E39F0F5882B959'
2025-12-26 00:29:38,873 18056 [DEBUG] -  Found 'C:\ngrok\lib\ngrok\tools\chocolateyinstall.ps1'
  with checksum '8138809E7B25B6EB731EF7BD780367D4'
2025-12-26 00:29:39,047 18056 [DEBUG] -  Found 'C:\ngrok\lib\ngrok\tools\ngrok.exe'
  with checksum '14F0288A617BD67B88F9425014DA6CAC'
2025-12-26 00:29:39,052 18056 [DEBUG] - Attempting to create directory "C:\ngrok\bin".
2025-12-26 00:29:39,063 18056 [DEBUG] - Calling command ['"C:\ngrok\tools\shimgen.exe" --path="..\\lib\ngrok\tools\ngrok.exe" --output="C:\ngrok\bin\ngrok.exe"  --iconpath="C:\ngrok\lib\ngrok\tools\ngrok.exe"']
2025-12-26 00:29:40,588 18056 [DEBUG] -  [ShimGen] Microsoft (R) Visual C# Compiler version 4.8.9221.0
2025-12-26 00:29:40,590 18056 [DEBUG] -  [ShimGen] for C# 5
2025-12-26 00:29:40,590 18056 [DEBUG] -  [ShimGen] Copyright (C) Microsoft Corporation. All rights reserved.
2025-12-26 00:29:40,596 18056 [DEBUG] -  [ShimGen] This compiler is provided as part of the Microsoft (R) .NET Framework, but only supports language versions up to C# 5, which is no longer the latest version. For compilers that support newer versions of the C# programming language, see http://go.microsoft.com/fwlink/?LinkID=533240
2025-12-26 00:29:40,598 18056 [DEBUG] -  [ShimGen] ShimGen has successfully created 'C:\ngrok\bin\ngrok.exe'
2025-12-26 00:29:40,632 18056 [DEBUG] - Command ['"C:\ngrok\tools\shimgen.exe" --path="..\\lib\ngrok\tools\ngrok.exe" --output="C:\ngrok\bin\ngrok.exe"  --iconpath="C:\ngrok\lib\ngrok\tools\ngrok.exe"'] exited with '0'
2025-12-26 00:29:40,634 18056 [INFO ] -  ShimGen has successfully created a shim for ngrok.exe
2025-12-26 00:29:40,639 18056 [DEBUG] -   Created: C:\ngrok\bin\ngrok.exe
  Targeting: C:\ngrok\lib\ngrok\tools\ngrok.exe
  IsGui:False

2025-12-26 00:29:40,684 18056 [DEBUG] - Attempting to replace "C:\ngrok\.chocolatey\ngrok.3.34.1\.files"
 with "C:\ngrok\.chocolatey\ngrok.3.34.1\.files.18056.update".
 Backup placed at "C:\ngrok\.chocolatey\ngrok.3.34.1\.files.backup".
2025-12-26 00:29:40,703 18056 [DEBUG] - Attempting to copy "C:\ngrok\.chocolatey\ngrok.3.34.1\.files.18056.update"
 to "C:\ngrok\.chocolatey\ngrok.3.34.1\.files".
2025-12-26 00:29:40,707 18056 [DEBUG] - Attempting to delete file "C:\ngrok\.chocolatey\ngrok.3.34.1\.files.18056.update".
2025-12-26 00:29:40,711 18056 [DEBUG] - Attempting to delete file "C:\ngrok\.chocolatey\ngrok.3.34.1\.extra".
2025-12-26 00:29:40,711 18056 [DEBUG] - Attempting to delete file "C:\ngrok\.chocolatey\ngrok.3.34.1\.version".
2025-12-26 00:29:40,714 18056 [DEBUG] - Attempting to delete file "C:\ngrok\.chocolatey\ngrok.3.34.1\.sxs".
2025-12-26 00:29:40,714 18056 [DEBUG] - Attempting to delete file "C:\ngrok\.chocolatey\ngrok.3.34.1\.pin".
2025-12-26 00:29:40,726 18056 [DEBUG] - Attempting to delete directory "C:\ngrok\lib-bad\ngrok".
2025-12-26 00:29:40,730 18056 [DEBUG] - Sending message 'HandlePackageResultCompletedMessage' out if there are subscribers...
2025-12-26 00:29:40,736 18056 [DEBUG] - Attempting to delete file "C:\ngrok\lib\ngrok\.chocolateyPending".
2025-12-26 00:29:40,742 18056 [INFO ] -  The install of ngrok was successful.
2025-12-26 00:29:40,747 18056 [INFO ] -   Deployed to 'C:\ngrok\lib\ngrok\tools'
2025-12-26 00:29:40,773 18056 [WARN ] - 
Chocolatey installed 1/1 packages. 
 See the log for details (C:\ngrok\logs\chocolatey.log).
2025-12-26 00:29:40,778 18056 [DEBUG] - Sending message 'PostRunMessage' out if there are subscribers...
2025-12-26 00:29:40,784 18056 [DEBUG] - Exiting with 0
